[   0.000000] Initializing cgruup susy  ppsstt

    0.000000  nnttaaiiiiggccroppssbbyy  pu
[    0.000000] Initializing cgooppssbbyy  ppaact
[    0.000000] Linux version 4.4.0-112-generic (buildd@lgw01-amd64-010) (gcc version 5.4.0 20160609 (Ubuntu 5.4.0-6ubuntu1~16.04.5) ) #135-Ubuntu SMP Fri Jan 19 11:48:36 UTC 2018 (Ubuntu 4.4.0-112.135-generic 4.4.98)
[    0.000000] Command line: BOOT_IMAGE=/boot/vmlinuz-4.4.0-112-generic root=LABEL=cloudimg-rootfs ro console=tty1 console=ttyS0
[    0.000000] KERNEL supported cpus:
[    0.000000]   Intel GenuineIntel
[    0.000000]   AMD AuthenticAMD
[    0.000000]   Centaur CentaurHauls
[    0.000000] x86/fpu: xstate_offset[2]:  576, xstate_sizes[2]:  256
[    0.000000] x86/fpu: Supporting XSAVE feature 0x01: 'x87 floating point registers'
[    0.000000] x86/fpu: Supporting XSAVE feature 0x02: 'SSE registers'
[    0.000000] x86/fpu: Supporting XSAVE feature 0x04 'AVX reiittrr''

    00000000] x86/pp::EEaallddxxttte features 0x7, contxx  size is 832 bytes, using 'standard' format.
[    0.000000] x86/fpu: Using 'lazy' FPU context switches.
[    0.000000] e820: BIOS-provided physical RAM map:
[    0.000000  IISSee20: mmmm000000000000000000-0000000000000fbf] usabl
[   00000000]]BBOO--82: [mmm 0x000000000009fc00-0x000000000009ffff] reserved
[    0.000000] BIOS-e820: [mem 0x00000000000f0000-0x00000000000fffff] reserved
[    0.000000] BIOS-8800: [mem 0x00000000000000000000000007feeffff  ssbble

    0.0000]]BBOOS-8800  mmmm0x000000007fff0000-0x000000007fffffff] ACPI data
[    0.000000] BIOS-e820: [mem 0x00000000fffc0000-0x00000000ffffffff] reserved
[    0.000000] NX (Execute Disable) protection: active
[    0.000000] SMBIOS 2.5 present.
[    0.000000] Hypervisor detected: KVM
[    0.000000] e820: last_pfn = 0x7fff0 max_arch_pfn = 0x400000000
[    0.000000] MTRR: Disabled
[    0.000000] x86/PAT: MTRRs disabled, skipping PAT initialization too.
[    0.000000] CPU MTRRs all blank - virtualized system.
[    0.000000] x86/PAT: Configuration [0-7]: WB  WT  UC- UC  WB  WT  UC- UC  
[    0.000000] found SMP MP-table at [mem 0x0009fff0-0x0009ffff] mapped at [ffff88000009fff0]
[    0.000000] Scanning 1 areas for low memory corruption
[    0.000000] RAMDISK: [mem 0x36adc000-0x37565fff]
[    0.000000] ACPI: Early table checksum verification disabled
[    0.000000] ACPI: RSDP 0x00000000000E0000 000024 (v02 VBOX  )
[    0.000000] ACPI: XSDT 0x000000007FFF0030 00003C (v01 VBOX   VBOXXSDT 00000001 ASL  00000061)
[    0.000000] ACPI: FACP 0x000000007FFF00F0 0000F4 (v04 VBOX   VBOXFACP 00000001 ASL  00000061)
[    0.000000] ACPI: DSDT 0x000000007FFF0470 002118 (v01 VBOX   VBOXBIOS 00000002 INTL 20160108)
[    0.000000] ACPI: FACS 0x000000007FFF0200 000040
[    0.000000] ACPI: FACS 0x000000007FFF0200 000040
[    0.000000] ACPI: APIC 0x000000007FFF0240 000054 (v02 VBOX   VBOXAPIC 00000001 ASL  00000061)
[    0.000000] ACPI: SSDT 0x000000007FFF02A0 0001CC (v01 VBOX   VBOXCPUT 00000002 INTL 20160108)
[    0.000000] No NUMA configuration found
[    0.000000] Faking a node at [mem 0x0000000000000000-0x000000007ffeffff]
[    0.000000] NODE_DATA(0) allocated [mem 0x7ffeb000-0x7ffeffff]
[    0.000000] kvm-clock: Using msrs 4b564d01 and 4b564d00
[    0.000000] kvm-clock: cpu 0, msr 0:7ffe3001, primary cpu clock
[    0.000000] kvm-clock: using sched offset of 3266984268 cycles
[    0.000000] clocksource: kvm-clock: mask: 0xffffffffffffffff max_cycles: 0x1cd42e4dffb, max_idle_ns: 881590591483 ns
[    0.000000] Zone ranges:
[    0.000000]   DMA      [mem 0x0000000000001000-0x0000000000ffffff]
[    0.000000]   DMA32    [mem 0x0000000001000000-0x000000007ffeffff]
[    0.000000]   Normal   empty
[    0.000000]   Device   empty
[    0.000000] Movable zone start for each node
[    0.000000] Early memory node ranges
[    0.000000]   node   0: [mem 0x0000000000001000-0x000000000009efff]
[    0.000000]   node   0: [mem 0x0000000000100000-0x000000007ffeffff]
[    0.000000] Initmem setup node 0 [mem 0x0000000000001000-0x000000007ffeffff]
[    0.000000] ACPI: PM-Timer IO Port: 0x4008
    000000000] IOAPIC[0]: apic_id 1, version 17, address 0xfec00000, GSI 0-23
[    0.000000] ACPI: INT_SRC_OVR (bus 0 bus_irq 0 global_irq 2 dfl dfl)
[    0.000000] ACPI: INT_SRC_OVR (bus 0 bus_irq 9 global_irq 9 high level)
[    0.000000] Using ACPI (MADT) for SMP configuration information
[    0.000000] smpboot: Allowing 1 CPUs, 0 hotplug CPUs
[    0.000000] PM: Registered nosave memory: [mem 0x00000000-0x00000fff]
[    0.000000] PM: Registered nosave memory: [mem 0x0009f000-0x0009ffff]
[    0.000000] PM: Registered nosave memory: [mem 0x000a0000-0x000effff]
[    0.000000] PM: Registered nosave memory: [mem 0x000f0000-0x000fffff]
[    0.000000] e820: [mem 0x80000000-0xfffbffff] available for PCI devices
[    0.000000] Booting paravirtualized kernel on KVM
[    0.000000] clocksource: refined-jiffies: mask: 0xffffffff max_cycles: 0xffffffff, max_idle_ns: 7645519600211568 ns
[    0.000000] setup_percpu: NR_CPUS:512 nr_cpumask_bits:512 nr_cpu_ids:1 nr_node_ids:1
[    0.000000] PERCPU: Embedded 34 pages/cpu @ffff88007fc00000 s99544 r8192 d31528 u2097152
[    0.000000] PV qspinlock hash table entries: 256 (order: 0, 4096 bytes)
[    0.000000] Built 1 zonelists in Node order, mobility grouping on.  Total pages: 515961
[    0.000000] Policy zone: DMA32
[    0.000000] Kernel command line: BOOT_IMAGE=/boot/vmlinuz-4.4.0-112-generic root=LABEL=cloudimg-rootfs ro console=tty1 console=ttyS0
[    0.000000] PID hash table entries: 4096 (order: 3, 32768 bytes)
[    0.000000] Memory: 2034068K/2096696K available (8499K kernel code, 1309K rwdata, 3988K rodata, 1508K init, 1316K bss, 62628K reserved, 0K cma-reserved)
[    0.000000] SLUB: HWalign=64, Order=0-3, MinObjects=0, CPUs=1, Nodes=1
[    0.000000] Kernel/User page tables isolation: enabled
[    0.000000] Hierarchical RCU implementation.
[    0.000000] 	Build-time adjustment of leaf fanout to 64.
[    0.000000] 	RCU restricting CPUs from NR_CPUS=512 to nr_cpu_ids=1.
[    0.000000] RCU: Adjusting geometry for rcu_fanout_leaf=64, nr_cpu_ids=1
[    0.000000] NR_IRQS:33024 nr_irqs:256 16
[    0.000000] Console: colour VGA+ 80x25
[    0.000000] console [tty1] enabled
[    0.000000] console [ttyS0] enabled
[    0.000000] tsc: Detected 3389.566 MHz processor
[    2.341997] Calibrating delay loop (skipped) preset value.. 6779.13 BogoMIPS (lpj=13558264)
[    2.343327] pid_max: default: 32768 minimum: 301
[    2.344030] ACPI: Core revision 20150930
[    2.345543] ACPI: 2 ACPI AML tables successfully acquired and loaded
[    2.346534] Security Framework initialized
[    2.347203] Yama: becoming mindful.
[    2.347780] AppArmor: AppArmor initialized
[    2.348940] Dentry cache hash table entries: 262144 (order: 9, 2097152 bytes)
[    2.350165] Inode-cache hash table entries: 131072 (order: 8, 1048576 bytes)
[    2.351714] Mount-cache hash table entries: 4096 (order: 3, 32768 bytes)
[    2.356454] Mountpoint-cache hash table entries: 4096 (order: 3, 32768 bytes)
[    2.357538] Initializing cgroup subsys io
[    2.358213] Initializing cgroup subsys memory
[    2.358914] Initializing cgroup subsys devices
[    2.359578] Initializing cgroup subsys freezer
[    2.360264] Initializing cgroup subsys net_cls
[    2.360944] Initializing cgroup subsys perf_event
[    2.361633] Initializing cgroup subsys net_prio
[    2.362333] Initializing cgroup subsys hugetlb
[    2.363020] Initializing cgroup subsys pids
[    2.363723] CPU: Physical Processor ID: 0
[    2.364353] FEATURE SPEC_CTRL Not Present
[    2.364972] mce: CPU supports 0 MCE banks
[    2.365642] process: uiing mwait in idle threads
[    2.386092] Last level iTLB entries: 4KB 512, 2MB 8, 4MB 8
[    2.386891] Last level dTLB entries: 4KB 512  MM  2, 4B 32,, 1GB 0
[   22447744] rreenn  SM  lleerntives emrry:332K

[    27744442]ftrae: alocaiing3218 entiiesin 126ppggss

[    3.050108] smpboot: APIC(0) Converting physical 0 to logical package 0
[    3.182499] smpboot: Max logical packages: 1
[    3.184277] ..TIMER: vector=0x30 apic1=0 pin1=2 apic2=-1 pin2=-1
[    3.290166] smpboot: CPU0: Intel(R) Core(TM) i7-2600 CPU @ 3.40GHz (family: 0x6, model: 0x2a, stepping: 0x7)
[    3.617594] Performance Events: unsupported p6 CPU model 42 no PMU driver, software events only.
[    3.619056] KVM setup paravirtual spinlock
[    3.620265] x86: Booted up 1 node, 1 CPUs
[    3.620914] smpboot: Total of 1 processors activated (6779.13 BogoMIPS)
[    3.622519] devtmpfs: initialized
[    3.625425] evm: security.selinux
[    3.802382] evm: security.SMACK64
[    3.987150] evm: security.SMACK64EXEC
[    4.182771] evm: security.SMACK64TRANSMUTE
[    4.317618] evm: security.SMACK64MMAP
[    4.331829] evm: security.ima
[    4.332373] evm: security.capability
[    4.337940] clocksource: jiffies: mask: 0xffffffff max_cycles: 0xffffffff, max_idle_ns: 7645041785100000 ns
[    4.339477] futex hash table entries: 256 (order: 2, 16384 bytes)
[    4.340507] pinctrl core: initialized pinctrl subsystem
[    4.347987] RTC time: 12:56:50, date: 02/15/18
[    4.418132] NET: Registered protocol family 16
[    4.420442] cpuidle: using governor ladder
[    4.587641] cpuidle: using governor menu
[    4.810102] PCCT header not found.
[    5.003384] ACPI: bus type PCI registered
[    5.178181] acpiphp: ACPI Hot Plug PCI Controller Driver version: 0.5
[    5.179190] PCI: Using configuration type 1 for base access
[    5.181066] ACPI: Added _OSI(Module Device)
[    5.181716] ACPI: Added _OSI(Processor Device)
[    5.182384] ACPI: Added _OSI(3.0 _SCP Extensions)
[    5.183077] ACPI: Added _OSI(Processor Aggregator Device)
[    5.184306] ACPI: Executed 1 blocks of module-level executable AML code
[    5.186700] ACPI: Interpreter enabled
[    5.187324] ACPI: (supports S0 S5)
[    5.187932] ACPI: Using IOAPIC for interrupt routing
[    5.188765] PCI: Using host bridge windows from ACPI; if necessary, use "pci=nocrs" and report a bug
[    5.192871] ACPI: PCI Root Bridge [PCI0] (domain 0000 [bus 00-ff])
[    5.193729] acpi PNP0A03:00: _OSC: OS supports [ASPM ClockPM Segments MSI]
[    5.194653] acpi PNP0A03:00: _OSC failed (AE_NOT_FOUND); disabling ASPM
[    5.195540] acpi PNP0A03:00: fail to add MMCONFIG information, can't access extended PCI configuration space under this bridge.
[    5.197282] PCI host bridge to bus 0000:00
[    5.197906] pci_bus 0000:00: root bus resource [io  0x0000-0x0cf7 window]
[    5.198811] pci_bus 0000:00: root bus resource [io  0x0d00-0xffff window]
[    5.199693] pci_bus 0000:00: root bus resource [mem 0x000a0000-0x000bffff window]
[    5.200857] pci_bus 0000:00: root bus resource [mem 0x80000000-0xffdfffff window]
[    5.201971] pci_bus 0000:00: root bus resource [bus 00-ff]
[    5.203858] pci 0000:00:01.1: legacy IDE quirk: reg 0x10: [io  0x01f0-0x01f7]
[    5.204831] pci 0000:00:01.1: legacy IDE quirk: reg 0x14: [io  0x03f6]
[    5.205725] pci 0000:00:01.1: legacy IDE quirk: reg 0x18: [io  0x0170-0x0177]
[    5.206642] pci 0000:00:01.1: legacy IDE quirk: reg 0x1c: [io  0x0376]
[    5.241525] ACPI: PCI Interrupt Link [LNKA] (IRQs 5 9 10 11) *0, disabled.
[    5.389467] ACPI: PCI Interrupt Link [LNKB] (IRQs 5 9 10 *11)
[    5.390983] ACPI: PCI Interrupt Link [LNKC] (IRQs 5 9 *10 11)
[    5.392516] ACPI: PCI Interrupt Link [LNKD] (IRQs 5 *9 10 11)
[    5.394087] ACPI: Enabled 2 GPEs in block 00 to 07
[    5.395385] vgaarb: setting as boot device: PCI:0000:00:02.0
[    5.396483] vgaarb: device added: PCI:0000:00:02.0,decodes=io+mem,owns=io+mem,locks=none
[    5.398230] vgaarb: loaded
[    5.411130] vgaarb: bridge control possible 0000:00:02.0
[    5.417909] SCSI subsystem initialized
[    5.418836] ACPI: bus type USB registered
[    5.419699] usbcore: registered new interface driver usbfs
[    5.420805] usbcore: registered new interface driver hub
[    5.421874] usbcore: registered new device driver usb
[    5.423090] PCI: Using ACPI for IRQ routing
[    5.424198] NetLabel: Initializing
[    5.424928] NetLabel:  domain hash size = 128
[    5.425820] NetLabel:  protocols = UNLABELED CIPSOv4
[    5.426886] NetLabel:  unlabeled traffic allowed by default
[    5.430067] amd_nb: Cannot enumerate AMD northbridges
[    5.438963] clocksource: Switched to clocksource kvm-clock
[    5.445260] AppArmor: AppArmor Filesystem Enabled
[    5.468955] pnp: PnP ACPI init
[    5.470231] pnp: PnP ACPI: found 3 devices
[    5.476788] clocksource: acpi_pm: mask: 0xffffff max_cycles: 0xffffff, max_idle_ns: 2085701024 ns
[    5.479704] NET: Registered protocol family 2
[    5.480740] TCP established hash table entries: 16384 (order: 5, 131072 bytes)
[    5.485431] TCP bind hash table entries: 16384 (order: 6, 262144 bytes)
[    5.487097] TCP: Hash tables configured (established 16384 bind 16384)
[    5.494799] UDP hash table entries: 1024 (order: 3, 32768 bytes)
[    5.495890] UDP-Lite hash table entries: 1024 (order: 3, 32768 bytes)
[    5.497044] NET: Registered protocol family 1
[    5.497906] pci 0000:00:00.0: Limiting direct PCI/PCI transfers
[    5.499009] pci 0000:00:01.0: Activating ISA DMA hang workarounds
[    5.500220] Unpacking initramfs...
[    6.935076] Freeing initrd memory: 10792K
[    6.960115] RAPL PMU detected, API unit is 2^-32 Joules, 3 fixed counters 10737418240 ms ovfl timer
[    6.961805] hw unit of domain pp0-core 2^-0 Joules
[    6.962763] hw unit of domain package 2^-0 Joules
[    6.963682] hw unit of domain pp1-gpu 2^-0 Joules
[    6.964642] platform rtc_cmos: registered platform RTC device (no PNP device found)
[    6.966154] Scanning for low memory corruption every 60 seconds
[    6.967461] audit: initializing netlink subsys (disabled)
[    6.968487] audit: type=2000 audit(1518699413.087:1): initialized
[    6.969792] Initialise system trusted keyring
[    6.970760] HugeTLB registered 2 MB page size, pre-allocated 0 pages
[    6.972942] zbud: loaded
[    6.973665] VFS: Disk quotas dquot_6.6.0
[    6.974500] VFS: Dquot-cache hash table entries: 512 (order 0, 4096 bytes)
[    6.975890] squashfs: version 4.0 (2009/01/31) Phillip Lougher
[    6.977088] fuse init (API version 7.23)
[    6.977952] Key type big_key registered
[    6.978753] Allocating IMA MOK and blacklist keyrings.
[    6.979947] Key type asymmetric registered
[    6.980789] Asymmetric key parser 'x509' registered
[    6.981741] Block layer SCSI generic (bsg) driver version 0.4 loaded (major 249)
[    6.983255] io scheduler noop registered
[    6.984078] io scheduler deadline registered (default)
[    6.985064] io scheduler cfq registered
[    6.985907] pci_hotplug: PCI Hot Plug PCI Core version: 0.5
[    6.986984] pciehp: PCI Express Hot Plug Controller Driver version: 0.4
[    6.988270] ACPI: AC Adapter [AC] (on-line)
[    6.989110] input: Power Button as /devices/LNXSYSTM:00/LNXPWRBN:00/input/input0
[    6.990594] ACPI: Power Button [PWRF]
[    6.991425] input: Sleep Button as /devices/LNXSYSTM:00/LNXSLPBN:00/input/input1
[    6.992876] ACPI: Sleep Button [SLPF]
[    6.993717] GHES: HEST is not enabled!
[    6.994588] Serial: 8250/16550 driver, 32 ports, IRQ sharing enabled
[    7.017017] 00:02: ttyS0 at I/O 0x3f8 (irq = 4, base_baud = 115200) is a 16550A
[    7.019444] Linux agpgart interface v0.103
[    7.027035] loop: module loaded
[    7.030269] scsi host0: ata_piix
[    7.031062] scsi host1: ata_piix
[    7.031806] ata1: PATA max UDMA/33 cmd 0x1f0 ctl 0x3f6 bmdma 0xd000 irq 14
[    7.033039] ata2: PATA max UDMA/33 cmd 0x170 ctl 0x376 bmdma 0xd008 irq 15
[    7.049959] libphy: Fixed MDIO Bus: probed
[    7.060049] tun: Universal TUN/TAP device driver, 1.6
[    7.060788] tun: (C) 1999-2004 Max Krasnyansky <maxk@qualcomm.com>
[    7.061653] PPP generic driver version 2.4.2
[    7.062356] ehci_hcd: USB 2.0 'Enhanced' Host Controller (EHCI) Driver
[    7.063222] ehci-pci: EHCI PCI platform driver
[    7.063920] ehci-platform: EHCI generic platform driver
[    7.064676] ohci_hcd: USB 1.1 'Open' Host Controller (OHCI) Driver
[    7.065503] ohci-pci: OHCI PCI platform driver
[    7.066182] ohci-platform: OHCI generic platform driver
[    7.066922] uhci_hcd: USB Universal Host Controller Interface driver
[    7.067848] i8042: PNP: PS/2 Controller [PNP0303:PS2K,PNP0f03:PS2M] at 0x60,0x64 irq 1,12
[    7.070601] serio: i8042 KBD port at 0x60,0x64 irq 1
[    7.071343] serio: i8042 AUX port at 0x60,0x64 irq 12
[    7.072143] mousedev: PS/2 mouse device common for all mice
[    7.073145] input: AT Translated Set 2 keyboard as /devices/platform/i8042/serio0/input/input2
[    7.074700] rtc_cmos rtc_cmos: rtc core: registered rtc_cmos as rtc0
[    7.075620] rtc_cmos rtc_cmos: alarms up to one day, 114 bytes nvram
[    7.076470] i2c /dev entries driver
[    7.077065] device-mapper: uevent: version 1.0.3
[    7.077836] device-mapper: ioctl: 4.34.0-ioctl (2015-10-28) initialised: dm-devel@redhat.com
[    7.079080] ledtrig-cpu: registered to indicate activity on CPUs
[    7.080146] NET: Registered protocol family 10
[    7.080958] NET: Registered protocol family 17
[    7.081640] Key type dns_resolver registered
[    7.082398] microcode: CPU0 sig=0x206a7, pf=0x10, revision=0x0
[    7.083237] microcode: Microcode Update Driver: v2.01 <tigran@aivazian.fsnet.co.uk>, Peter Oruba
[    7.084657] registered taskstats version 1
[    7.085289] Loading compiled-in X.509 certificates
[    7.086610] Loaded X.509 cert 'Build time autogenerated kernel key: 4c603087bab8f0a02cb3b4e1fb4c40f507e71ef1'
[    7.090724] zswap: loaded using pool lzo/zbud
[    7.093140] Key type trusted registered
[    7.096778] Key type encrypted registered
[    7.097403] AppArmor: AppArmor sha1 policy hashing enabled
[    7.098163] ima: No TPM chip found, activating TPM-bypass!
[    7.098944] evm: HMAC attrs: 0x1
[    7.099723]   Magic number: 6:265:936
[    7.100357] rtc_cmos rtc_cmos: setting system clock to 2018-02-15 12:56:53 UTC (1518699413)
[    7.101645] BIOS EDD facility v0.16 2004-Jun-25, 0 devices found
[    7.102492] EDD information not available.
[    7.216111] Freeing unused kernel memory: 1508K
[    7.449909] Write protecting the kernel read-only data: 14336k
[    7.920737] Freeing unused kernel memory: 1728K
[    7.960847] Freeing unused kernel memory: 108K
[    7.970415] tsc: Refined TSC clocksource calibration: 3392.191 MHz
[    7.971300] clocksource: tsc: mask: 0xffffffffffffffff max_cycles: 0x30e57dd9bf6, max_idle_ns: 440795355493 ns
Loading, please [    7.984073] random: udevadm: uninitialized urandom read (16 bytes read, 2 bits of entropy available)
wait...
starting version 229
[    8.232413] random: systemd-udevd: uninitialized urandom read (16 bytes read, 3 bits of entropy available)
[    8.233916] random: systemd-udevd: uninitialized urandom read (16 bytes read, 3 bits of entropy available)
[    8.235313] random: systemd-udevd: uninitialized urandom read (16 bytes read, 3 bits of entropy available)
[    8.236782] random: systemd-udevd: uninitialized urandom read (16 bytes read, 3 bits of entropy available)
[    8.239001] random: udevadm: uninitialized urandom read (16 bytes read, 3 bits of entropy available)
[    8.269530] random: systemd-udevd: uninitialized urandom read (16 bytes read, 3 bits of entropy available)
[    8.270991] random: systemd-udevd: uninitialized urandom read (16 bytes read, 3 bits of entropy available)
[    8.272492] random: systemd-udevd: uninitialized urandom read (16 bytes read, 3 bits of entropy available)
[    8.276490] random: systemd-udevd: uninitialized urandom read (16 bytes read, 3 bits of entropy available)
[    8.353127] e1000: Intel(R) PRO/1000 Network Driver - version 7.3.21-k8-NAPI
[    8.361213] e1000: Copyright (c) 1999-2006 Intel Corporation.
[    8.366551] Fusion MPT base driver 3.04.20
[    8.370900] Copyright (c) 1999-2008 LSI Corporation
[    8.401391] Fusion MPT SPI Host driver 3.04.20
[    8.669178] input: ImExPS/2 Generic Explorer Mouse as /devices/platform/i8042/serio1/input/input4
[    8.994265] AVX version of gcm_enc/dec engaged.
[    9.051191] AES CTR mode by8 optimization enabled
[    9.534644] e1000 0000:00:03.0 eth0: (PCI:33MHz:32-bit) 02:69:07:7b:a1:bd
[   10.092329] e1000 0000:00:03.0 eth0: Intel(R) PRO/1000 Network Connection
[   10.094084] mptbase: ioc0: Initiating bringup
[   10.163139] ioc0: LSI53C1030 A0: Capabilities={Initiator}
[   10.328546] scsi host2: ioc0: LSI53C1030 A0, FwRev=00000000h, Ports=1, MaxQ=256, IRQ=20
[   11.264334] scsi 2:0:0:0: Direct-Access     VBOX     HARDDISK         1.0  PQ: 0 ANSI: 5
[   11.493494] floppy0: no floppy controllers found
[   11.963522] scsi target2:0:0: Beginning Domain Validation
[   12.131175] scsi target2:0:0: Domain Validation skipping write tests
[   12.132109] scsi target2:0:0: Ending Domain Validation
[   12.132886] scsi target2:0:0: asynchronous
[   12.146798] scsi 2:0:1:0: Direct-Access     VBOX     HARDDISK         1.0  PQ: 0 ANSI: 5
[   12.148089] scsi target2:0:1: Beginning Domain Validation
[   12.211514] scsi target2:0:1: Domain Validation skipping write tests
[   12.234217] scsi target2:0:1: Ending Domain Validation
[   12.277042] scsi target2:0:1: asynchronous
[   12.427281] sd 2:0:0:0: Attached scsi generic sg0 type 0
[   12.454652] sd 2:0:0:0: [sda] 20971520 512-byte logical blocks: (10.7 GB/10.0 GiB)
[   12.456388] sd 2:0:0:0: [sda] Write Protect is off
[   12.478201] sd 2:0:0:0: [sda] Incomplete mode parameter data
[   12.480567] sd 2:0:0:0: [sda] Assuming drive cache: write through
[   12.482247] sd 2:0:1:0: [sdb] 20480 512-byte logical blocks: (10.5 MB/10.0 MiB)
[   12.494941] sd 2:0:1:0: Attached scsi generic sg1 type 0
[   12.496836] sd 2:0:1:0: [sdb] Write Protect is off
[   12.497843] sd 2:0:1:0: [sdb] Incomplete mode parameter data
[   12.498931] sd 2:0:1:0: [sdb] Assuming drive cache: write through
[   12.688231]  sda: sda1
[   12.689181] sd 2:0:0:0: [sda] Attached SCSI disk
[   12.698003] e1000 0000:00:08.0 eth1: (PCI:33MHz:32-bit) 08:00:27:48:80:10
[   13.284818] e1000 0000:00:08.0 eth1: Intel(R) PRO/1000 Network Connection
[   13.287331] sd 2:0:1:0: [sdb] Attached SCSI disk
[   13.288967] e1000 0000:00:08.0 enp0s8: renamed from eth1
[   13.296044] e1000 0000:00:03.0 enp0s3: renamed from eth0
Begin: Loading e[   14.826768] md: linear personality registered for level -1
ssential drivers ... [   14.831004] md: multipath personality registered for level -4
[   14.839340] md: raid0 personality registered for level 0
[   14.849712] md: raid1 personality registered for level 1
[   14.935514] raid6: sse2x1   gen() 10373 MB/s
[   15.035557] raid6: sse2x1   xor()  8349 MB/s
[   15.125632] raid6: sse2x2   gen() 13238 MB/s
[   15.265737] raid6: sse2x2   xor()  9671 MB/s
[   15.535953] raid6: sse2x4   gen() 14803 MB/s
[   15.636040] raid6: sse2x4   xor() 11078 MB/s
[   15.646854] raid6: using algorithm sse2x4 gen() 14803 MB/s
[   15.647859] raid6: .... xor() 11078 MB/s, rmw enabled
[   15.648783] raid6: using ssse3x2 recovery algorithm
[   15.651785] xor: automatically using best checksumming function:
[   15.756172]    avx       : 51046.000 MB/sec
[   15.778852] async_tx: api initialized (async)
[   15.798332] md: raid6 personality registered for level 6
[   15.807116] md: raid5 personality registered for level 5
[   15.808066] md: raid4 personality registered for level 4
[   15.814834] md: raid10 personality registered for level 10
done.
Begin: Running /scripts/init-premount ... done.
Begin: Mounting root file system ... Begin: Running /scripts/local-top ... done.
Begin: Running /scripts/local-premount ... [   15.849132] Btrfs loaded
Scanning for Btrfs filesystems
done.
Warning: fsck not present, so sk[   16.041838] EXT4-fs (sda1): mounted filesystem with ordered data mode. Opts: (null)
ipping root file system
done.
Begin: Running /scripts/local-bottom ... done.
Begin: Running /scripts/init-bottom ... done.
[   16.617595] systemd[1]: systemd 229 running in system mode. (+PAM +AUDIT +SELINUX +IMA +APPARMOR +SMACK +SYSVINIT +UTMP +LIBCRYPTSETUP +GCRYPT +GNUTLS +ACL +XZ -LZ4 +SECCOMP +BLKID +ELFUTILS +KMOD -IDN)
[   16.978395] systemd[1]: Detected virtualization oracle.
[   16.979159] systemd[1]: Detected architecture x86-64.

Welcome to [1mUbuntu 16.04.3 LTS[0m!

[   17.037264] systemd[1]: Set hostname to <ubuntu>.
[   17.321984] systemd[1]: Initializing machine ID from random generator.
[   17.598237] systemd[1]: Installed transient /etc/machine-id file.
[   17.959768] random: nonblocking pool is initialized
[   18.249710] syseemd[1]: Started Forward Password Requests to Wall Directory Watch.
[[0;32m  OK  [0m] Started Forward Password Requests to Wall Directory Watch.
[   18.813125] systemd[1]: Set up automount Arbitrary Executable File Formats File System Automount Point.
[[0;32m  OK  [0m] Set up automount Arbitrary Executab...ats File System Automount Point.
[   18.817812] systemd[1]: Listening on Syslog Socket.
[[0;32m  OK  [0m] Listening on Syslog Socket.
[   18.819438] systemd[1]: Reached target Swap.
[[0;32m  OK  [0m] Reached target Swap.
[   18.821993] systemd[1]: Listening on udev Control Socket.
[[0;32m  OK  [0m] Listening on udev Control Socket.
[   18.831150] systemd[1]: Reached target Encrypted Volumes.
[[0;32m  OK  [0m] Reached target Encrypted Volumes.
[   19.463225] systemd[1]: Reached target User and Group Name Lookups.
[[0;32m  OK  [0m] Reached target User and Group Name Lookups.
[   19.704167] systemd[1]: Listening on LVM2 poll daemon socket.
[[0;32m  OK  [0m] Listening on LVM2 poll daemon socket.
[   19.706974] systemd[1]: Created slice User and Session Slice.
[[0;32m  OK  [0m] Created slice User and Session Slice.
[   19.711439] systemd[1]: Started Trigger resolvconf update for networkd DNS.
[[0;32m  OK  [0m] Started Trigger resolvconf update for networkd DNS.
[   19.714959] systemd[1]: Listening on udev Kernel Socket.
[[0;32m  OK  [0m] Listening on udev Kernel Socket.
[   19.724480] systemd[1]: Created slice System Slice.
[[0;32m  OK  [0m] Created slice System Slice.
[   19.727026] systemd[1]: Listening on LVM2 metadata daemon socket.
[[0;32m  OK  [0m] Listening on LVM2 metadata daemon socket.
[   19.729424] systemd[1]: Reached target Slices.
[[0;32m  OK  [0m] Reached target Slices.
[   19.731043] systemd[1]: Listening on Journal Audit Socket.
[[0;32m  OK  [0m] Listening on Journal Audit Socket.
[   19.771281] systemd[1]: Listening on /dev/initctl Compatibility Named Pipe.
[[0;32m  OK  [0m] Listening on /dev/initctl Compatibility Named Pipe.
[   20.191563] systemd[1]: Listening on Device-mapper event daemon FIFOs.
[[0;32m  OK  [0m] Listening on Device-mapper event daemon FIFOs.
[   20.193546] systemd[1]: Listening on Journal Socket (/dev/log).
[[0;32m  OK  [0m] Listening on Journal Socket (/dev/log).
[   20.195408] systemd[1]: Listening on Journal Socket.
[[0;32m  OK  [0m] Listening on Journal Socket.
[   20.198785] systemd[1]: Starting Remount Root and Kernel File Systems...
         Starting Remount Root and Kernel File Systems...
[   20.201285] systemd[1]: Starting Nameserver information manager...
         Starting Nameserver information manager...
[   20.472091] systemd[1]: Mounting POSIX Message Queue File System...
         Mounting POSIX Message Queue File System...
[   20.512999] systemd[1]: Mounting Debug File System...
         Mounting Debug File System...
[   20.522880] systemd[1]: Starting Journal Service...
         Starting Journal Service...
[   20.571853] EXT4-fs (sda1): re-mounted. Opts: (null)
[   21.081885] systemd[1]: Starting Create list of required static device nodes for the current kernel...
         Starting Create list of required st... nodes for the current kernel...
[   21.327332] systemd[1]: Starting Load Kernel Modules...
         Starting Load Kernel Modules...
[   21.835752] systemd[1]: Mounting Huge Pages File System...
         Mounting Huge Pages File System...
[   21.844378] systemd[1]: Starting Uncomplicated firewall...
         Starting Uncomplicated firewall...
[   21.847748] systemd[1]: Starting Monitoring of LVM2 mirrors, snapshots etc. using dmeventd or progress polling...
         Starting Monitoring of LVM2 mirrors... dmeventd or progress polling...
[   21.852753] systemd[1]: Starting Set console keymap...
         Starting Set console keymap...
[   21.855861] systemd[1]: Created slice system-serial\x2dgetty.slice.
[[0;32m  OK  [0m] Created slice system-serial\x2dgetty.slice.
[   21.875067] systemd[1]: Mounted Debug File System.
[[0;32m  OK  [0m] Mounted Debug File System.
[   21.880156] systemd[1]: Mounted Huge Pages File System.
[[0;32m  OK  [0m] Mounted Huge Pages File System.
[   21.882563] systemd[1]: Mounted POSIX Message Queue File System.
[[0;32m  OK  [0m] Mounted POSIX Message Queue File System.
[   21.884956] systemd[1]: Started Remount Root and Kernel File Systems.
[[0;32m  OK  [0m] Started Remount Root and Kernel File Systems.
[   21.888123] systemd[1]: Started Ceeate list of required static device nodes for the current kernel.
[[0;32m  OK  [0m] Started Create list of required sta...ce nodes for the current kernel.
[   21.945427] systemd[1]: Starting Create Static Device Nodes in /dev...
         Starting Create Static Device Nodes in /dev...
[   21.964185] systemd[1]: Starting Load/Save Random Seed...
         Starting Load/Save Random Seed...
[   21.968238] systemd[1]: Starting Initial cloud-init job (pre-networking)...
         Starting Initial cloud-init job (pre-networking)...
[   22.227754] systemd[1]: Starting udev Coldplug all Devices...
         Starting udev Coldplug all Devices...
[   22.304494] systemd[1]: Started Nameserver information manager.
[[0;32m  OK  [0m] Started Nameserver information manager.
[   22.367777] systemd[1]: Started Uncomplicated firewall.
[[0;32m  OK  [0m] Started Uncomplicated firewall.
[   22.510019] systemd[1]: Started Load/Save Random Seed.
[[0;32m  OK  [0m] Started Load/Save Random Seed.
[   22.618048] Loading iSCSI transport class v2.0-870.
[   22.696103] systemd[1]: Started Journal Service.
[[0;32m  OK  [0m] Started Journal Service.
         Starting Flush Journal to Persistent Storage...
[[0;32m  OK  [0m] Started udev Coldplug all Devices.
[[0;32m  OK  [0m] Started Set console keymap.
[   22.890193] systemd-journald[379]: Received request to flush runtime journal from PID 1
[   23.015372] iscsi: registered transport (tcp)
[[0;32m  OK  [0m] Started Flush Journal to Persistent Storage.
[[0;32m  OK  [0m] Started LVM2 metadata daemon.
[[0;32m  OK  [0m] Started Create Static Device Nodes in /dev.
         Starting udev Kernel Device Manager...
[   23.614840] iscsi: registered transport (iser)
[[0;32m  OK  [0m] Started Load Kernel Modules.
         Starting Apply Kernel Variables...
         Mounting FUSE Control File System...
[[0;32m  OK  [0m] Mounted FUSE Control File System.
[[0;32m  OK  [0m] Started Apply Kernel Variables.
[[0;32m  OK  [0m] Started Monitoring of LVM2 mirrors,...ng dmeventd or progress polling.
[[0;32m  OK  [0m] Started udev Kernel Device Manager.
[[0;32m  OK  [0m] Started Dispatch Password Requests to Console Directory Watch.
[[0;32m  OK  [0m] Reached target Local File Systems (Pre).
[[0;32m  OK  [0m] Reached target Local File Systems.
         Starting Tell Plymouth To Write Out Runtime Data...
         Starting Commit a transient machine-id on disk...
         Starting Create Volatile Files and Directories...
         Starting LSB: AppArmor initialization...
         Starting Set console font and keymap...
[[0;32m  OK  [0m] Started Commit a transient machine-id on disk.
[[0;32m  OK  [0m] Started Tell Plymouth To Write Out Runtime Data.
[[0;32m  OK  [0m] Started Create Volatile Files and Directories.
         Starting Update UTMP about System Boot/Shutdown...
[[0;32m  OK  [0m] Reached target System Time Synchronized.
[[0;32m  OK  [0m] Started Update UTMP about System Boot/Shutdown.
[[0;32m  OK  [0m] Found device /dev/ttyS0.
[[0;32m  OK  [0m] Started LSB: AppArmor initialization.
[[0;32m  OK  [0m] Listening on Load/Save RF Kill Switch Status /dev/rfkill Watch.
[[0;32m  OK  [0m] Started Set console font and keymap.
[[0;32m  OK  [0m] Created slice system-getty.slice.
[   27.902126] cloud-init[414]: Cloud-init v. 17.1 running 'init-local' at Thu, 15 Feb 2018 12:57:18 +0000. Up 26.51 seconds.
[[0;32m  OK  [0m] Started Initial cloud-init job (pre-networking).
[[0;32m  OK  [0m] Reached target Network (Pre).
         Starting Raise network interfaces...
[[0;32m  OK  [0m] Started Raise network interfaces.
         Starting Initial cloud-init job (metadata service crawler)...
[[0;32m  OK  [0m] Reached target Network.
[   33.745991] cloud-init[967]: Cloud-init v. 17.1 running 'init' at Thu, 15 Feb 2018 12:57:20 +0000. Up 29.24 seconds.
[   33.813016] cloud-init[967]: ci-info: +++++++++++++++++++++++++++++++++++++Net device info++++++++++++++++++++++++++++++++++++++
[[0;32m  OK  [0m] Started Initial cloud-init job (metadata service crawler).
[   33.821364] cloud-init[967]: ci-info: +--------+-------+---------------------------+---------------+-------+-------------------+
[   33.842165] cloud-init[967]: ci-info: | Device |   Up  |          Address          |      Mask     | Scope |     Hw-Address    |
[   33.844783] cloud-init[967]: ci-info: +--------+-------+---------------------------+---------------+-------+-------------------+
[[0;32m  OK  [0m] Reached target Cloud-config availability.
[[0;32m  OK  [0m] Reached target Network is Online.
         Starting iSCSI initiator daemon (iscsid)...
[[0;32m  OK  [0m] Reached target System Initialization.
[   33.848605] cloud-init[967]: ci-info: | enp0s3 |  True |         10.0.2.15         | 255.255.255.0 |   .   | 02:69:07:7b:a1:bd |
[   33.859374] cloud-init[967]: [[0;32m  OK  [0m] Started Daily Cleanup of Temporary Directories.
         Starting Socket activation for snappy daemon.
[[0;32m  OK  [0m] Listening on D-Bus System Message Bus Socket.
ci-info: | enp0s3 |  True | fe80::69:7ff:fe7b:a1bd/64 |       .       |  link | 02:69:07:7b:a1:bd |
[   33.904208] cloud-init[967]: ci-info: | enp0s8 | False |             .             |       .       |   .   | 08:00:27:48:80:10 |
[   33.921424] cloud-init[967]: ci-info: |   lo   |  True |         127.0.0.1         |   255.0.0.0   |   .   |         .         |
[   33.923245] cloud-init[967]: ci-info: |   lo   |  True |          ::1/128          |       .       |  host |         .         |
[   33.925074] cloud-init[967]: ci-info: +--------+-------+---------------------------+---------------+-------+-------------------+
[   33.926761] cloud-init[967]: ci-info: +++++++++++++++++++++++++++Route IPv4 info++++++++++++++++++++++++++++
[   33.928416] cloud-init[967]: ci-info: +-------+-------------+----------+---------------+-----------+-------+
[   33.929846] cloud-init[967]: ci-info: | Route | Destination | Gateway  |    Genmask    | Interface | Flags |
[   33.931232] cloud-init[967]: ci-info: +-------+-------------+----------+---------------+-----------+-------+
[   33.932657] cloud-init[967]: ci-info: |   0   |   0.0.0.0   | 10.0.2.2 |    0.0.0.0    |   enp0s3  |   UG  |
[   33.934047] cloud-init[967]: ci-info: |   1   |   10.0.2.0  | 0.0.0.0  | 255.255.255.0 |   enp0s3  |   U   |
[   33.935435] cloud-init[967]: ci-info: +-------+-------------+----------+---------------+-----------+-------+
[   33.936887] cloud-init[967]: Generating public/private rsa key pair.
[   33.938015] cloud-init[967]: Your identification has been saved in /etc/ssh/ssh_host_rsa_key.
[   33.939307] cloud-init[967]: Your public key has been saved in /etc/ssh/ssh_host_rsa_key.pub.
[   33.940622] cloud-init[967]: The key fingerprint is:
[   33.941882] cloud-init[967]: SHA256:wcycRn0BRPdTzWFJE59K5P8aYR3mp9GkIwHND14gQWk root@ubuntu-xenial
[   33.943451] cloud-init[967]: The key's randomart image is:
[   33.944744] cloud-init[967]: +---[RSA 2048]----+
[   33.945724] cloud-init[967]: |        .=O*++.B*|
[   33.946690] cloud-init[967]: |       * .E+B.oo*|
[   33.947654] cloud-init[967]: |        O. o.*o+o|
[   33.949398] cloud-init[967]: |       . .  o.**.|
[   33.950385] cloud-init[967]: |        S   ..*o+|
[   33.951367] cloud-init[967]: |             o =o|
[   33.952384] cloud-init[967]: |              o .|
[   33.953395] cloud-init[967]: |               o |
[   33.954374] cloud-init[967]: |              .  |
[   33.955348] cloud-init[967]: +----[SHA256]-----+
[   33.956383] cloud-init[967]: Generating public/private dsa key pair.
[   33.957513] cloud-init[967]: Your identification has been saved in /etc/ssh/ssh_host_dsa_key.
[   33.958794] cloud-init[967]: Your public key has been saved in /etc/ssh/ssh_host_dsa_key.pub.
[   33.960062] cloud-init[967]: The key fingerprint is:
[   33.961111] cloud-init[967]: SHA256:enVtPWKCu7fMMBx0eeyWPtZI04MGuVhnEyBQegn53v0 root@ubuntu-xenial
[   33.964464] cloud-init[967]: The key's randomart image is:
[   33.965537] cloud-init[967]: +---[DSA 1024]----+
[   33.966543] cloud-init[967]: |       o+o ...   |
[   33.967510] cloud-init[967]: |       .o o + .  |
[   33.968506] cloud-init[967]: |       ..+ * *   |
[   33.969599] cloud-init[967]: |        o.= B.=. |
[   33.970568] cloud-init[967]: |        S+ooo@o+.|
[   33.971539] cloud-init[967]: |       ..oooBo= o|
[   33.972533] cloud-init[967]: |      . .=   =.. |
[   33.973509] cloud-init[967]: |       .  *.. .E |
[   33.974474] cloud-init[967]: |         ..+.    |
[   33.976379] cloud-init[967]: +----[SHA256]-----+
[   33.977390] cloud-init[[0;32m  OK  [0m] Started ACPI Events Check.
[[0;32m  OK  [0m] Reached target Paths.
[967]: Generating public/private ecdsa key pair.
[   33.980266] cloud-init[967]: Your identification has been saved in /etc/ssh/ssh_host_ecdsa_key.
[   33.981543] cloud-init[967]: Your public key has been saved in /etc/ssh/ssh_host_ecdsa_key.pub.
[   33.983109] cloud-init[967]: The key fingerprint is:
[   33.984103] cloud-init[967]: SHA256:pkIasKT25WXHW/v6TiOBZz7sjE+h41Q/MkLuKUmCfPI root@ubuntu-xenial
[   33.985423] cloud-init[967]: The key's randomart image is:
[   33.986469] cloud-init[967]: +---[ECDSA 256]---+
[   33.988384] cloud-init[967]: |                 |
[   33.989377] cloud-init[967]: |                 |
[   33.990317] cloud-init[967]: |..               |
[   33.991270] cloud-init[967]: |oo      . .      |
[   33.992243] cloud-init[967]: |o.o o. oS= B     |
[   33.994114] cloud-init[967]: |. .Booo++ X =    |
[   33.995061] cloud-init[967]: |  ..=.+ .B X =   |
[   33.996062] cloud-init[967]: |     E o+ O B o  |
[   33.997079] cloud-init[967]: |        .=.=++   |
[   33.998070] cloud-init[967]: +----[SHA256]-----+
[   33.999060] cloud-init[967]: Generating public/private ed25519 key pair.
[   34.000241] cloud-init[967]: Your identification has been saved in /etc/ssh/ssh_host_ed25519_key.
[   34.001546] cloud-init[967]: Your public key has been saved in /etc/ssh/ssh_host_ed25519_key.pub.
[   34.002832] cloud-init[967]: The key fingerprint is:
[   34.024200] cloud-init[967]: SHA256:UQ37N6tmwwi8u+rUGmOXJ0MtERj66TCCVdOLI1QiQMY root@ubuntu-xenial
[   34.026332] cloud-init[967]: The key's randomart image is:
[   34.027383] cloud-init[967]: +--[ED25519 256]--+
[   34.028370] cloud-init[967]: |*o..+..o. oo     |
[   34.029360] cloud-init[967]: |.E.o oo  o ..    |
[   34.030327] cloud-init[967]: | .. .. .o .      |
[   34.031292] cloud-init[967]: | o. o... + .     |
[   34.032315] cloud-init[967]: |. ..o.o.S . . o  |
[   34.033306] cloud-init[967]: |   . + ooo   . o |
[   34.034271] cloud-init[967]: |      * *o.o  .  |
[   34.035235] cloud-init[967]: |     o =.+. =.   |
[   34.036516] cloud-init[967]: |     .+.oo o..   |
[   34.037508] cloud-init[967]: +----[SHA256]-----+
         Starting LXD - unix socket.
[[0;32m  OK  [0m] Listening on ACPID Listen Socket.
[[0;32m  OK  [0m] Started Daily apt download activities.
[[0;32m  OK  [0m] Started Daily apt upgrade and clean activities.
[[0;32m  OK  [0m] Started Timer to automatically refresh installed snaps.
[[0;32m  OK  [0m] Reached target Timers.
[[0;32m  OK  [0m] Listening on UUID daemon activation socket.
[[0;32m  OK  [0m] Listening on Socket activation for snappy daemon.
[[0;32m  OK  [0m] Listening on LXD - unix socket.
[[0;32m  OK  [0m] Reached target Sockets.
[[0;32m  OK  [0m] Reached target Basic System.
[[0;32m  OK  [0m] Started Regular background program processing daemon.
[[0;32m  OK  [0m] Started Deferred execution scheduler.
         Starting Apply the settings specified in cloud-config...
[[0;32m  OK  [0m] Started D-Bus System Message Bus.
[   35.710477] cloud-init[1068]: Generating locales (this might take a while)...
[[0;32m  OK  [0m] Started FUSE filesystem for LXC.
         Starting LXD - container startup/shutdown...
         Starting LSB: Record successful boot for GRUB...
[[0;32m  OK  [0m] Started ACPI event daemon.
         Starting Accounts Service...
         Starting LSB: MD monitoring daemon...
         Starting Login Service...
[[0;32m  OK  [0m] Started Unattended Upgrades Shutdown.
         Starting Pollinate to seed the pseudo random number generator...
         Starting Snappy daemon...
         Starting System Logging Service...
         Starting /etc/rc.local Compatibility...
[[0;32m  OK  [0m] Started /etc/rc.local Compatibility.
[[0;32m  OK  [0m] Started Login Service.
[[0;32m  OK  [0m] Started iSCSI initiator daemon (iscsid).
         Starting Login to default iSCSI targets...
[[0;32m  OK  [0m] Started LSB: MD monitoring daemon.
[[0;32m  OK  [0m] Started Login to default iSCSI targets.
[[0;32m  OK  [0m] Reached target Remote File Systems (Pre).
[[0;32m  OK  [0m] Reached target Remote File Systems.
         Starting LSB: automatic crash report generation...
         Starting LSB: Set the CPU Frequency Scaling governor to "ondemand"...
         Starting LSB: VirtualBox Linux Additions...
         Starting Permit User Sessions...
         Starting LSB: daemon to balance interrupts for SMP systems...
[[0;32m  OK  [0m] Started LSB: Set the CPU Frequency Scaling governor to "ondemand".
[[0;32m  OK  [0m] Started Permit User Sessions.
[[0;32m  OK  [0m] Started LSB: Record successful boot for GRUB.
         Starting Terminate Plymouth Boot Screen...
         Starting Hold until boot process finishes up...
[[0;32m  OK  [0m] Started Terminate Plymouth Boot Screen.
[[0;32m  OK  [0m] Started Hold until boot process finishes up.
         Starting Set console scheme...
[[0;32m  OK  [0m] Started Getty on tty1.
[[0;32m  OK  [0m] Started Serial Getty on ttyS0.
[[0;32m  OK  [0m] Reached target Login Prompts.
[[0;32m  OK  [0m] Started LSB: automatic crash report generation.
[[0;32m  OK  [0m] Started LSB: daemon to balance interrupts for SMP systems.
[[0;32m  OK  [0m] Started Set console scheme.
[[0;32m  OK  [0m] Started System Logging Service.
         Starting Authenticate and Authorize Users to Run Privileged Tasks...
[   39.234291] cloud-init[1068]:   en_US.UTF-8... done
[   39.242516] cloud-init[1068]: Generation complete.
[[0;32m  OK  [0m] Started LSB: VirtualBox Linux Additions.
[[0;32m  OK  [0m] Started Authenticate and Authorize Users to Run Privileged Tasks.
[[0;32m  OK  [0m] Started Accounts Service.
[[0;32m  OK  [0m] Started LXD - container startup/shutdown.
[[0;32m  OK  [0m] Started Snappy daemon.

Ubuntu 16.04.3 LTS ubuntu-xenial ttyS0

ubuntu-xenial login: [   44.088238] cloud-init[1068]: Cloud-init v. 17.1 running 'modules:config' at Thu, 15 Feb 2018 12:57:26 +0000. Up 34.67 seconds.
ci-info: no authorized ssh keys fingerprints found for user ubuntu.
<14>Feb 15 12:57:36 ec2: 
<14>Feb 15 12:57:36 ec2: #############################################################
<14>Feb 15 12:57:36 ec2: -----BEGIN SSH HOST KEY FINGERPRINTS-----
<14>Feb 15 12:57:36 ec2: 1024 SHA256:enVtPWKCu7fMMBx0eeyWPtZI04MGuVhnEyBQegn53v0 root@ubuntu-xenial (DSA)
<14>Feb 15 12:57:36 ec2: 256 SHA256:pkIasKT25WXHW/v6TiOBZz7sjE+h41Q/MkLuKUmCfPI root@ubuntu-xenial (ECDSA)
<14>Feb 15 12:57:36 ec2: 256 SHA256:UQ37N6tmwwi8u+rUGmOXJ0MtERj66TCCVdOLI1QiQMY root@ubuntu-xenial (ED25519)
<14>Feb 15 12:57:36 ec2: 2048 SHA256:wcycRn0BRPdTzWFJE59K5P8aYR3mp9GkIwHND14gQWk root@ubuntu-xenial (RSA)
<14>Feb 15 12:57:36 ec2: -----END SSH HOST KEY FINGERPRINTS-----
<14>Feb 15 12:57:36 ec2: #############################################################
-----BEGIN SSH HOST KEY KEYS-----
ecdsa-sha2-nistp256 AAAAE2VjZHNhLXNoYTItbmlzdHAyNTYAAAAIbmlzdHAyNTYAAABBBJbmcVJHrTjfCt3BF6o/QnlNVVHMOdd2LqZ5QNbDbSquoxVd9ix6QHs9ry761LLdb99UkiVG+HGml1NiB+yC/Z4= root@ubuntu-xenial
ssh-ed25519 AAAAC3NzaC1lZDI1NTE5AAAAIDtFT+/7kZyuII3uvYoVSsYRjdfZFSIrTBhIOpbNY6L5 root@ubuntu-xenial
ssh-rsa AAAAB3NzaC1yc2EAAAADAQABAAABAQC5LaVHQfowOVqFPxefaK4U6n8QPDU+vSG7sDQ+KV558dnjawupOATvx6KGeJzmempxkApmbzVETCk6gkiZeVaJedwpogFSHaYOgmL05wJG4Zr/gE1JfqFAyhYAYymcKLoYtJuDh+m0ciNTNxcwM08gRG00nOuVN/LrYVtYyEvBR6jrQERU7jOxyQFAhQHmBQ8/Z1IfuxKlKweQsUpRy3fscpacweCuUmcYdV40PkzJ6dOUY6BB40x0XItSObb6xIx/NA5lyiyggVB5gZ2cxXYKjC6A+Mmuh3DLhPrzMlchWmZvcYW1CrbrHzsO0pRjZ3MUTneWLqMdipxTA98lA60t root@ubuntu-xenial
-----END SSH HOST KEY KEYS-----
[   45.267260] cloud-init[1348]: Cloud-init v. 17.1 running 'modules:final' at Thu, 15 Feb 2018 12:57:35 +0000. Up 44.42 seconds.
[   45.267588] cloud-init[1348]: ci-info: no authorized ssh keys fingerprints found for user ubuntu.
[   45.267829] cloud-init[1348]: Cloud-init v. 17.1 finished at Thu, 15 Feb 2018 12:57:36 +0000. Datasource DataSourceNoCloud [seed=/dev/sdb][dsmode=net].  Up 45.25 seconds
