[    0.000000] Initializing cgroup subsys cpuset
[    0.000000] Initializing cgroup subsys cpu
[    0.000000] Initializing cgroup subsys cpuacct
[    0.000000] Linux version 4.4.0-119-generic (buildd@lcy01-amd64-013) (gcc version 5.4.0 20160609 (Ubuntu 5.4.0-6ubuntu1~16.04.9) ) #143-Ubuntu SMP Mon Apr 2 16:08:24 UTC 2018 (Ubuntu 4.4.0-119.143-generic 4.4.114)
[    0.000000] Command line: BOOT_IMAGE=/boot/vmlinuz-4.4.0-119-generic root=LABEL=cloudimg-rootfs ro console=tty1 console=ttyS0
[    0.000000] KERNEL supported cpus:
[    0.000000]   Intel GenuineIntel
[    0.000000]   AMD AuthenticAMD
[    0.000000]   Centaur CentaurHauls
[    0.000000] x86/fpu: xstate_offset[2]:  576, xstate_sizes[2]:  256
[    0.000000] x86/fpu: Supporting XSAVE feature 0x01: 'x87 floating point registers'
[    0.000000] x86/fpu: Supporting XSAVE feature 0x02: 'SSE registers'
[    0.000000] x86/fpu: Supporting XSAVE feature 0x04: 'AVX registers'
[    0.000000] x86/fpu: Enabled xstate features 0x7, context size is 832 bytes, using 'standard' format.
[    0.000000] x86/fpu: Using 'lazy' FPU context switches.
[    0.000000] e820: BIOS-provided physical RAM map:
[    0.000000] BIOS-e820: [mem 0x0000000000000000-0x000000000009fbff] usable
[    0.000000] BIOS-e820: [mem 0x000000000009fc00-0x000000000009ffff] reserved
[    0.000000] BIOS-e820: [mem 0x00000000000f0000-0x00000000000fffff] reserved
[    0.000000] BIOS-e820: [mem 0x0000000000100000-0x000000007ffeffff] usable
[    0.000000] BIOS-e820: [mem 0x000000007fff0000-0x000000007fffffff] ACPI data
[    0.000000] BIOS-e820: [mem 0x00000000fffc0000-0x00000000ffffffff] reserved
[    0.000000] NX (Execute Disable) protection: active
[    0.000000] SMBIOS 2.5 present.
[    0.000000] Hypervisor detected: KVM
[    0.000000] e820: last_pfn = 0x7fff0 max_arch_pfn = 0x400000000
[    0.000000] MTRR: Disabled
[    0.000000] x86/PAT: MTRRs disabled, skipping PAT initialization too.
[    0.000000] CPU MTRRs all blank - virtualized system.
[    0.000000] x86/PAT: Configuration [0-7]: WB  WT  UC- UC  WB  WT  UC- UC  
[    0.000000] found SMP MP-table at [mem 0x0009fff0-0x0009ffff] mapped at [ffff88000009fff0]
[    0.000000] Scanning 1 areas for low memory corruption
[    0.000000] RAMDISK: [mem 0x36aa4000-0x37549fff]
[    0.000000] ACPI: Early table checksum verification disabled
[    0.000000] ACPI: RSDP 0x00000000000E0000 000024 (v02 VBOX  )
[    0.000000] ACPI: XSDT 0x000000007FFF0030 00003C (v01 VBOX   VBOXXSDT 00000001 ASL  00000061)
[    0.000000] ACPI: FACP 0x000000007FFF00F0 0000F4 (v04 VBOX   VBOXFACP 00000001 ASL  00000061)
[    0.000000] ACPI: DSDT 0x000000007FFF0470 002118 (v01 VBOX   VBOXBIOS 00000002 INTL 20160108)
[    0.000000] ACPI: FACS 0x000000007FFF0200 000040
[    0.000000] ACPI: FACS 0x000000007FFF0200 000040
[    0.000000] ACPI: APIC 0x000000007FFF0240 00005C (v02 VBOX   VBOXAPIC 00000001 ASL  00000061)
[    0.000000] ACPI: SSDT 0x000000007FFF02A0 0001CC (v01 VBOX   VBOXCPUT 00000002 INTL 20160108)
[    0.000000] No NUMA configuration found
[    0.000000] Faking a node at [mem 0x0000000000000000-0x000000007ffeffff]
[    0.000000] NODE_DATA(0) allocated [mem 0x7ffeb000-0x7ffeffff]
[    0.000000] kvm-clock: Using msrs 4b564d01 and 4b564d00
[    0.000000] kvm-clock: cpu 0, msr 0:7ffe3001, primary cpu clock
[    0.000000] kvm-clock: using sched offset of 3085082613 cycles
[    0.000000] clocksource: kvm-clock: mask: 0xffffffffffffffff max_cycles: 0x1cd42e4dffb, max_idle_ns: 881590591483 ns
[    0.000000] Zone ranges:
[    0.000000]   DMA      [mem 0x0000000000001000-0x0000000000ffffff]
[    0.000000]   DMA32    [mem 0x0000000001000000-0x000000007ffeffff]
[    0.000000]   Normal   empty
[    0.000000]   Device   empty
[    0.000000] Movable zone start for each node
[    0.000000] Early memory node ranges
[    0.000000]   node   0: [mem 0x0000000000001000-0x000000000009efff]
[    0.000000]   node   0: [mem 0x0000000000100000-0x000000007ffeffff]
[    0.000000] Initmem setup node 0 [mem 0x0000000000001000-0x000000007ffeffff]
[    0.000000] ACPI: PM-Timer IO Port: 0x4008
[    0.000000] IOAPIC[0]: apic_id 2, version 17, address 0xfec00000, GSI 0-23
[    0.000000] ACPI: INT_SRC_OVR (bus 0 bus_irq 0 global_irq 2 dfl dfl)
[    0.000000] ACPI: INT_SRC_OVR (bus 0 bus_irq 9 global_irq 9 high level)
[    0.000000] Using ACPI (MADT) for SMP configuration information
[    0.000000] smpboot: Allowing 2 CPUs, 0 hotplug CPUs
[    0.000000] PM: Registered nosave memory: [mem 0x00000000-0x00000fff]
[    0.000000] PM: Registered nosave memory: [mem 0x0009f000-0x0009ffff]
[    0.000000] PM: Registered nosave memory: [mem 0x000a0000-0x000effff]
[    0.000000] PM: Registered nosave memory: [mem 0x000f0000-0x000fffff]
[    0.000000] e820: [mem 0x80000000-0xfffbffff] available for PCI devices
[    0.000000] Booting paravirtualized kernel on KVM
[    0.000000] clocksource: refined-jiffies: mask: 0xffffffff max_cycles: 0xffffffff, max_idle_ns: 7645519600211568 ns
[    0.000000] setup_percpu: NR_CPUS:512 nr_cpumask_bits:512 nr_cpu_ids:2 nr_node_ids:1
[    0.000000] PERCPU: Embedded 34 pages/cpu @ffff88007fc00000 s99544 r8192 d31528 u1048576
[    0.000000] PV qspinlock hash table entries: 256 (order: 0, 4096 bytes)
[    0.000000] Built 1 zonelists in Node order, mobility grouping on.  Total pages: 515960
[    0.000000] Policy zone: DMA32
[    0.000000] Kernel command line: BOOT_IMAGE=/boot/vmlinuz-4.4.0-119-generic root=LABEL=cloudimg-rootfs ro console=tty1 console=ttyS0
[    0.000000] PID hash table entries: 4096 (order: 3, 32768 bytes)
[    0.000000] Memory: 2033812K/2096696K available (8532K kernel code, 1313K rwdata, 3996K rodata, 1508K init, 1316K bss, 62884K reserved, 0K cma-reserved)
[    0.000000] SLUB: HWalign=64, Order=0-3, MinObjects=0, CPUs=2, Nodes=1
[    0.000000] Kernel/User page tables isolation: enabled
[    0.000000] Hierarchical RCU implementation.
[    0.000000] 	Build-time adjustment of leaf fanout to 64.
[    0.000000] 	RCU restricting CPUs from NR_CPUS=512 to nr_cpu_ids=2.
[    0.000000] RCU: Adjusting geometry for rcu_fanout_leaf=64, nr_cpu_ids=2
[    0.000000] NR_IRQS:33024 nr_irqs:440 16
[    0.000000] Console: colour VGA+ 80x25
[    0.000000] console [tty1] enabled
[    0.000000] console [ttyS0] enabled
[    0.000000] tsc: Detected 3357.036 MHz processor
[    0.140393] Calibrating delay loop (skipped) preset value.. 6714.07 BogoMIPS (lpj=13428144)
[    0.141786] pid_max: default: 32768 minimum: 301
[    0.142529] ACPI: Core revision 20150930
[    0.144100] ACPI: 2 ACPI AML tables successfully acquired and loaded
[    0.148316] Security Framework initialized
[    0.148999] Yama: becoming mindful.
[    0.149626] AppArmor: AppArmor initialized
[    0.150833] Dentry cache hash table entries: 262144 (order: 9, 2097152 bytes)
[    0.152155] Inode-cache hash table entries: 131072 (order: 8, 1048576 bytes)
[    0.153749] Mount-cache hash table entries: 4096 (order: 3, 32768 bytes)
[    0.160560] Mountpoint-cache hash table entries: 4096 (order: 3, 32768 bytes)
[    0.161712] Initializing cgroup subsys io
[    0.162401] Initializing cgroup subsys memory
[    0.163117] Initializing cgroup subsys devices
[    0.163861] Initializing cgroup subsys freezer
[    0.164585] Initializing cgroup subsys net_cls
[    0.165310] Initializing cgroup subsys perf_event
[    0.166073] Initializing cgroup subsys net_prio
[    0.166810] Initializing cgroup subsys hugetlb
[    0.167536] Initializing cgroup subsys pids
[    0.168344] CPU: Physical Processor ID: 0
[    0.169024] CPU: Processor Core ID: 0
[    0.169672] FEATURE SPEC_CTRL Not Present
[    0.170356] mce: CPU supports 0 MCE banks
[    0.171049] Last level iTLB entries: 4KB 512, 2MB 8, 4MB 8
[    0.171906] Last level dTLB entries: 4KB 512, 2MB 32, 4MB 32, 1GB 0
[    0.172838] Spectre V2 mitigation: Mitigation: Full generic retpoline
[    0.173785] Spectre V2 mitigation: Speculation control IBPB not-supported IBRS not-supported
[    0.176841] Freeing SMP alternatives memory: 32K
[    0.185500] ftrace: allocating 32195 entries in 126 pages
[    0.236485] smpboot: APIC(0) Converting physical 0 to logical package 0
[    0.254891] smpboot: Max logical packages: 1
[    0.256741] ..TIMER: vector=0x30 apic1=0 pin1=2 apic2=-1 pin2=-1
[    0.365413] smpboot: CPU0: Intel(R) Core(TM) i7-2600 CPU @ 3.40GHz (family: 0x6, model: 0x2a, stepping: 0x7)
[    0.618590] Performance Events: unsupported p6 CPU model 42 no PMU driver, software events only.
[    0.620116] KVM setup paravirtual spinlock
[    0.621953] x86: Booting SMP configuration:
[    0.654354] .... node  #0, CPUs:      #1
[    0.655154] kvm-clock: cpu 1, msr 0:7ffe3041, secondary cpu clock
[    0.656110] mce: CPU supports 0 MCE banks
[    0.658669] x86: Booted up 1 node, 2 CPUs
[    0.659503] smpboot: Total of 2 processors activated (13428.14 BogoMIPS)
[    0.660827] devtmpfs: initialized
[    0.662852] evm: security.selinux
[    0.663435] evm: security.SMACK64
[    0.664017] evm: security.SMACK64EXEC
[    0.664649] evm: security.SMACK64TRANSMUTE
[    0.665294] evm: security.SMACK64MMAP
[    0.665907] evm: security.ima
[    0.666428] evm: security.capability
[    0.667246] clocksource: jiffies: mask: 0xffffffff max_cycles: 0xffffffff, max_idle_ns: 7645041785100000 ns
[    0.668657] futex hash table entries: 512 (order: 3, 32768 bytes)
[    0.669745] pinctrl core: initialized pinctrl subsystem
[    0.670609] RTC time: 12:32:13, date: 04/18/18
[    0.671471] NET: Registered protocol family 16
[    0.680881] cpuidle: using governor ladder
[    0.693215] cpuidle: using governor menu
[    0.803290] PCCT header not found.
[    0.907173] ACPI: bus type PCI registered
[    1.027253] acpiphp: ACPI Hot Plug PCI Controller Driver version: 0.5
[    1.232894] PCI: Using configuration type 1 for base access
[    1.345032] ACPI: Added _OSI(Module Device)
[    1.345712] ACPI: Added _OSI(Processor Device)
[    1.346443] ACPI: Added _OSI(3.0 _SCP Extensions)
[    1.347161] ACPI: Added _OSI(Processor Aggregator Device)
[    1.348574] ACPI: Executed 1 blocks of module-level executable AML code
[    1.351360] ACPI: Interpreter enabled
[    1.358352] ACPI: (supports S0 S5)
[    1.358943] ACPI: Using IOAPIC for interrupt routing
[    1.359819] PCI: Using host bridge windows from ACPI; if necessary, use "pci=nocrs" and report a bug
[    1.364148] ACPI: PCI Root Bridge [PCI0] (domain 0000 [bus 00-ff])
[    1.537395] acpi PNP0A03:00: _OSC: OS supports [ASPM ClockPM Segments MSI]
[    1.628884] acpi PNP0A03:00: _OSC failed (AE_NOT_FOUND); disabling ASPM
[    1.630337] acpi PNP0A03:00: fail to add MMCONFIG information, can't access extended PCI configuration space under this bridge.
[    1.632884] PCI host bridge to bus 0000:00
[    1.639896] pci_bus 0000:00: root bus resource [io  0x0000-0x0cf7 window]
[    1.640833] pci_bus 0000:00: root bus resource [io  0x0d00-0xffff window]
[    1.641841] pci_bus 0000:00: root bus resource [mem 0x000a0000-0x000bffff window]
[    1.642992] pci_bus 0000:00: root bus resource [mem 0x80000000-0xffdfffff window]
[    1.644207] pci_bus 0000:00: root bus resource [bus 00-ff]
[    1.646275] pci 0000:00:01.1: legacy IDE quirk: reg 0x10: [io  0x01f0-0x01f7]
[    1.647224] pci 0000:00:01.1: legacy IDE quirk: reg 0x14: [io  0x03f6]
[    1.648163] pci 0000:00:01.1: legacy IDE quirk: reg 0x18: [io  0x0170-0x0177]
[    1.649115] pci 0000:00:01.1: legacy IDE quirk: reg 0x1c: [io  0x0376]
[    1.686643] ACPI: PCI Interrupt Link [LNKA] (IRQs 5 9 10 11) *0, disabled.
[    1.768890] ACPI: PCI Interrupt Link [LNKB] (IRQs 5 9 10 *11)
[    1.770118] ACPI: PCI Interrupt Link [LNKC] (IRQs 5 9 *10 11)
[    1.771377] ACPI: PCI Interrupt Link [LNKD] (IRQs 5 *9 10 11)
[    1.781096] ACPI: Enabled 2 GPEs in block 00 to 07
[    1.783589] vgaarb: setting as boot device: PCI:0000:00:02.0
[    1.784407] vgaarb: device added: PCI:0000:00:02.0,decodes=io+mem,owns=io+mem,locks=none
[    1.785668] vgaarb: loaded
[    1.786175] vgaarb: bridge control possible 0000:00:02.0
[    1.787216] SCSI subsystem initialized
[    1.788023] ACPI: bus type USB registered
[    1.788710] usbcore: registered new interface driver usbfs
[    1.791038] usbcore: registered new interface driver hub
[    1.791841] usbcore: registered new device driver usb
[    1.793329] PCI: Using ACPI for IRQ routing
[    1.794221] NetLabel: Initializing
[    1.794819] NetLabel:  domain hash size = 128
[    1.795483] NetLabel:  protocols = UNLABELED CIPSOv4
[    1.796221] NetLabel:  unlabeled traffic allowed by default
[    1.797270] amd_nb: Cannot enumerate AMD northbridges
[    1.798127] clocksource: Switched to clocksource kvm-clock
[    1.804974] AppArmor: AppArmor Filesystem Enabled
[    1.811110] pnp: PnP ACPI init
[    1.812266] pnp: PnP ACPI: found 3 devices
[   82904] clocksource: acpi_pm: mask: 0xffffff max_cycles: 0xffffff, max_idle_ns: 2085701024 ns
[    2.173326] NET: Registered protocol family 2
[    2.174197] TCP established hash table entries: 16384 (order: 5, 131072 bytes)
[    2.175408] TCP bind hash table entries: 16384 (order: 6, 262144 bytes)
[    2.176348] TCP: Hash tables configured (established 16384 bind 16384)
[    2.177259] UDP hash table entries: 1024 (order: 3, 32768 bytes)
[    2.178106] UDP-Lite hash table entries: 1024 (order: 3, 32768 bytes)
[    2.179090] NET: Registered protocol family 1
[    2.179777] pci 0000:00:00.0: Limiting direct PCI/PCI transfers
[    2.180638] pci 0000:00:01.0: Activati I D hg rkrounds
[    2.420492] Unpacking initramfs...

[    4.027430] Freeing initrd memory: 10904K
[    4.051620] RAPL PMU detected, API unit is 2^-32 Joules, 3 fixed counters 10737418240 ms ovfl timer
[    4.053314] hw unit of domain pp0-core 2^-0 Joules
[    4.054255] hw unit of domain package 2^-0 Joules
[    4.055212] hw unit of domain pp1-gpu 2^-0 Joules
[    4.056192] platform rtc_cmos: registered platform RTC device (no PNP device found)
[    4.057720] Scanning for low memory corruption every 60 seconds
[    4.059427] audit: initializing netlink subsys (disabled)
[    4.060469] audit: type=2000 audit(1524054740.102:1): initialized
[    4.061848] Initialise system trusted keyring
[    4.063159] HugeTLB registered 2 MB page size, pre-allocated 0 pages
[    4.065480] zbud: loaded
[    4.066507] VFS: Disk quotas dquot_6.6.0
[    4.067345] VFS: Dquot-cache hash table entries: 512 (order 0, 4096 bytes)
[    4.068786] squashfs: version 4.0 (2009/01/31) Phillip Lougher
[    4.070207] fuse init (API version 7.23)
[    4.071155] Key type big_key registered
[    4.071969] Allocating IMA MOK and blacklist keyrings.
[    4.074441] Key type asymmetric registered
[    4.075278] Asymmetric key parser 'x509' registered
[    4.076256] Block layer SCSI generic (bsg) driver version 0.4 loaded (major 249)
[    4.077814] io scheduler noop registered
[    4.078659] io scheduler deadline registered (default)
[    4.079692] io scheduler cfq registered
[    4.080563] pci_hotplug: PCI Hot Plug PCI Core version: 0.5
[    4.081628] pciehp: PCI Express Hot Plug Controller Driver version: 0.4
[    4.082982] ACPI: AC Adapter [AC] (on-line)
[    4.083852] input: Power Button as /devices/LNXSYSTM:00/LNXPWRBN:00/input/input0
[    4.085333] ACPI: Power Button [PWRF]
[    4.086131] input: Sleep Button as /devices/LNXSYSTM:00/LNXSLPBN:00/input/input1
[    4.087679] ACPI: Sleep Button [SLPF]
[    4.088666] GHES: HEST is not enabled!
[    4.089531] Serial: 8250/16550 driver, 32 ports, IRQ sharing enabled
[    4.112136] 00:02: ttyS0 at I/O 0x3f8 (irq = 4, base_baud = 115200) is a 16550A
[    4.114626] Linux agpgart interface v0.103
[    4.117506] loop: module loaded
[    4.118802] scsi host0: ata_piix
[    4.119710] scsi host1: ata_piix
[    4.120469] ata1: PATA max UDMA/33 cmd 0x1f0 ctl 0x3f6 bmdma 0xd000 irq 14
[    4.121747] ata2: PATA max UDMA/33 cmd 0x170 ctl 0x376 bmdma 0xd008 irq 15
[    4.123475] libphy: Fixed MDIO Bus: probed
[    4.128803] tun: Universal TUN/TAP device driver, 1.6
[    4.129771] tun: (C) 1999-2004 Max Krasnyansky <maxk@qualcomm.com>
[    4.131018] PPP generic driver version 2.4.2
[    4.131919] ehci_hcd: USB 2.0 'Enhanced' Host Controller (EHCI) Driver
[    4.133104] ehci-pci: EHCI PCI platform driver
[    4.135398] ehci-platform: EHCI generic platform driver
[    4.136391] ohci_hcd: USB 1.1 'Open' Host Controller (OHCI) Driver
[    4.137507] ohci-pci: OHCI PCI platform driver
[    4.138393] ohci-platform: OHCI generic platform driver
[    4.139450] uhci_hcd: USB Universal Host Controller Interface driver
[    4.140657] i8042: PNP: PS/2 Controller [PNP0303:PS2K,PNP0f03:PS2M] at 0x60,0x64 irq 1,12
[    4.142766] serio: i8042 KBD port at 0x60,0x64 irq 1
[    4.143777] serio: i8042 AUX port at 0x60,0x64 irq 12
[    4.144817] mousedev: PS/2 mouse device common for all mice
[    4.146250] rtc_cmos rtc_cmos: rtc core: registered rtc_cmos as rtc0
[    4.147498] rtc_cmos rtc_cmos: alarms up to one day, 114 bytes nvram
[    4.148719] i2c /dev entries driver
[    4.149546] device-mapper: uevent: version 1.0.3
[    4.150497] input: AT Translated Set 2 keyboard as /devices/platform/i8042/serio0/input/input2
[    4.152353] device-mapper: ioctl: 4.34.0-ioctl (2015-10-28) initialised: dm-devel@redhat.com
[    4.154114] ledtrig-cpu: registered to indicate activity on CPUs
[    4.155848] NET: Registered protocol family 10
[    4.156951] NET: Registered protocol family 17
[    4.157847] Key type dns_resolver registered
[    4.158939] registered taskstats version 1
[    4.159788] Loading compiled-in X.509 certificates
[    4.161321] Loaded X.509 cert 'Build time autogenerated kernel key: f854e06633b5f496ced5b2e02c7b14f761b69302'
[    4.163315] zswap: loaded using pool lzo/zbud
[    4.167807] Key type trusted registered
[    4.178798] Key type encrypted registered
[    4.179646] AppArmor: AppArmor sha1 policy hashing enabled
[    4.180686] ima: No TPM chip found, activating TPM-bypass!
[    4.181742] evm: HMAC attrs: 0x1
[    4.182886]   Magic number: 14:90:532
[    4.183681] tty ttyS12: hash matches
[    4.184542] rtc_cmos rtc_cmos: setting system clock to 2018-04-18 12:32:17 UTC (1524054737)
[    4.186426] BIOS EDD facility v0.16 2004-Jun-25, 0 devices found
[    4.187603] EDD information not available.
[    4.280165] Freeing unused kernel memory: 1508K
[    4.284653] Write protecting the kernel read-only data: 14336k
[    4.287463] Freeing unused kernel memory: 1696K
[    4.289462] Freeing unused kernel memory: 100K
Loading, please wait...
starting version[    4.312901] random: systemd-udevd: uninitialized urandom read (16 bytes read, 2 bits of entropy available)
 229
[    4.313908] random: udevadm: uninitialized urandom read (16 bytes read, 2 bits of entropy available)
[    4.313949] random: udevadm: uninitialized urandom read (16 bytes read, 2 bits of entropy available)
[    4.321337] random: systemd-udevd: uninitialized urandom read (16 bytes read, 2 bits of entropy available)
[    4.324172] random: systemd-udevd: uninitialized urandom read (16 bytes read, 2 bits of entropy available)
[    4.326981] random: systemd-udevd: uninitialized urandom read (16 bytes read, 2 bits of entropy available)
[    4.330813] random: systemd-udevd: uninitialized urandom read (16 bytes read, 2 bits of entropy available)
[    4.331585] random: udevadm: uninitialized urandom read (16 bytes read, 2 bits of entropy available)
[    4.331654] random: udevadm: uninitialized urandom read (16 bytes read, 2 bits of entropy available)
[    4.331916] random: udevadm: uninitialized urandom read (16 bytes read, 2 bits of entropy available)
[    4.405281] Fusion MPT base driver 3.04.20
[    4.415040] Copyright (c) 1999-2008 LSI Corporation
[    4.435673] e1000: Intel(R) PRO/1000 Network Driver - version 7.3.21-k8-NAPI
[    4.438415] e1000: Copyright (c) 1999-2006 Intel Corporation.
[    4.443023] AVX version of gcm_enc/dec engaged.
[    4.445752] AES CTR mode by8 optimization enabled
[    4.454063] Fusion MPT SPI Host driver 3.04.20
[    4.637084] input: ImExPS/2 Generic Explorer Mouse as /devices/platform/i8042/serio1/input/input4
[    4.853145] e1000 0000:00:03.0 eth0: (PCI:33MHz:32-bit) 02:39:99:10:d1:5e
[    5.054220] clocksource: tsc: mask: 0xffffffffffffffff max_cycles: 0x3063c3bf128, max_idle_ns: 440795216411 ns
[    5.361099] e1000 0000:00:03.0 eth0: Intel(R) PRO/1000 Network Connection
[    5.570903] mptbase: ioc0: Initiating bringup
[    5.960914] ioc0: LSI53C1030 A0: Capabilities={Initiator}
[    6.580181] scsi host2: ioc0: LSI53C1030 A0, FwRev=00000000h, Ports=1, MaxQ=256, IRQ=20
[    6.948677] scsi 2:0:0:0: Direct-Access     VBOX     HARDDISK         1.0  PQ: 0 ANSI: 5
[    6.979591] scsi target2:0:0: Beginning Domain Validation
[    6.987919] scsi target2:0:0: Domain Validation skipping write tests
[    6.996183] scsi target2:0:0: Ending Domain Validation
[    7.002123] scsi target2:0:0: asynchronous
[    7.003984] scsi 2:0:1:0: Direct-Access     VBOX     HARDDISK         1.0  PQ: 0 ANSI: 5
[    7.007218] scsi target2:0:1: Beginning Domain Validation
[    7.018897] scsi target2:0:1: Domain Validation skipping write tests
[    7.021471] scsi target2:0:1: Ending Domain Validation
[    7.027256] scsi target2:0:1: asynchronous
[    7.043547] sd 2:0:0:0: Attached scsi generic sg0 type 0
[    7.047043] sd 2:0:0:0: [sda] 20971520 512-byte logical blocks: (10.7 GB/10.0 GiB)
[    7.063566] sd 2:0:1:0: [sdb] 20480 512-byte logical blocks: (10.5 MB/10.0 MiB)
[    7.068708] sd 2:0:1:0: Attached scsi generic sg1 type 0
[    7.070321] sd 2:0:1:0: [sdb] Write Protect is off
[    7.072675] sd 2:0:0:0: [sda] Write Protect is off
[    7.080247] sd 2:0:1:0: [sdb] Incomplete mode parameter data
[    7.081352] sd 2:0:1:0: [sdb] Assuming drive cache: write through
[    7.082979] sd 2:0:0:0: [sda] Incomplete mode parameter data
[    7.091784] sd 2:0:0:0: [sda] Assuming drive cache: write through
[    7.103431]  sda: sda1
[    7.106341] sd 2:0:0:0: [sda] Attached SCSI disk
[    7.124966] sd 2:0:1:0: [sdb] Attached SCSI disk
[    7.322007] e1000 0000:00:08.0 eth1: (PCI:33MHz:32-bit) 08:00:27:1d:80:79
[    7.346309] e1000 0000:00:08.0 eth1: Intel(R) PRO/1000 Network Connection
[    7.348800] e1000 0000:00:03.0 enp0s3: renamed from eth0
[    7.364004] e1000 0000:00:08.0 enp0s8: renamed from eth1
[    7.503521] floppy0: no floppy controllers found
[    7.592348] work still pending
Begin: Loading e[    9.020944] md: linear personality registered for level -1
ssential drivers[    9.247880] md: multipath personality registered for level -4
 ... [    9.434615] md: raid0 personality registered for level 0
[    9.796993] md: raid1 personality registered for level 1
[    9.866857] raid6: sse2x1   gen()  9416 MB/s
[    9.941899] raid6: sse2x1   xor()  7683 MB/s
[   10.105048] raid6: sse2x2   gen() 12458 MB/s
[   10.258140] raid6: sse2x2   xor()  8373 MB/s
[   10.683543] raid6: sse2x4   gen() 14296 MB/s
[   10.790715] raid6: sse2x4   xor() 10968 MB/s
[   10.932485] raid6: using algorithm sse2x4 gen() 14296 MB/s
[   10.933321] raid6: .... xor() 10968 MB/s, rmw enabled
[   10.935778] raid6: using ssse3x2 recovery algorithm
[   10.937771] xor: automatically using best checksumming function:
[   11.002877]    avx       : 51619.000 MB/sec
[   11.263072] async_tx: api initialized (async)
[   11.271113] md: raid6 personality registered for level 6
[   11.434776] md: raid5 personality registered for level 5
[   11.600913] md: raid4 personality registered for level 4
[   11.738069] md: raid10 personality registered for level 10
done.
Begin: Running /scripts/init-premount ... done[   11.937515] Btrfs loaded
.
Begin: Mounting root file system ... Begin: Running /scripts/local-top ... done.
Begin: Running /scripts/local-premount ... Scanning for Btrfs filesystems
done.
Warning: fsck not present, so skipping root file[   12.057250] EXT4-fs (sda1): mounted filesystem with ordered data mode. Opts: (null)
 system
done.
Begin: Running /scripts/local-bottom ... done.
Begin: Running /scripts/init-bottom ... done.
[   12.715568] systemd[1]: systemd 229 running in system mode. (+PAM +AUDIT +SELINUX +IMA +APPARMOR +SMACK +SYSVINIT +UTMP +LIBCRYPTSETUP +GCRYPT +GNUTLS +ACL +XZ -LZ4 +SECCOMP +BLKID +ELFUTILS +KMOD -IDN)
[   12.745569] systemd[1]: Detected virtualization oracle.
[   12.758806] systemd[1]: Detected architecture x86-64.

Welcome to [1mUbuntu 16.04.4 LTS[0m!

[   12.803465] systemd[1]: Set hostname to <ubuntu>.
[ 12969496syem1]Iniazing machine ID from random generator.
[   13.510508] systemd[1]: Installed transient /etc/machine-id file.
[   13.864620] random:nnnnblocking pool is initialized
[ 14798]ysmd]:isni oDeceapr event daemon FIFOs.
[[0;32m  OK  [0m] Listening on Device-mapper event daemon FIFOs.
[   15.210533] systemd[1]: Listening on udev Kernel Socket.
[[0;32m  OK  [0m] Listening on udev Kernel Socket.
[   15.353901] systemd[1]: Created slice System Slice.
[[0;32m  OK  [0m] Created slice System Slice.
[   15.356367] systemd[1]: Created slice system-serial\x2dgetty.slice.
[[0;32m  OK  [0m] Created slice system-serial\x2dgetty.slice.
[   15.358831] systemd[1]: Listening on Journal Socket.
[[0;32m  OK  [0m] Listening on Journal Socket.
[   15.370469] systemd[1]: Mounting Debug File System...
         Mounting Debug File System...
[   15.378716] systemd[1]: Reached target System Time Synchronized.
[[0;32m  OK  [0m] Reached target System Time Synchronized.
[   15.418512] systemd[1]: Listening on Journal Audit Socket.
[[0;32m  OK  [0m] Listening on Journal Audit Socket.
[   15.434404] systemd[1]: Starting Nameserver information manager...
         Starting Nameserver information manager...
[   15.670530] systemd[1]: Starting Uncomplicated firewall...
         Starting Uncomplicated firewall...
[   15.818428] systemd[1]: Mounting Huge Pages File System...
         Mounting Huge Pages File System...
[   16.454335] systemd[1]: Mounting POSIX Message Queue File System...
         Mounting POSIX Message Queue File System...
[   16.488102] systemd[1]: Started Trigger resolvconf update for networkd DNS.
[[0;32m  OK  [0m] Started Trigger resolvconf update for networkd DNS.
[   16.514353] systemd[1]: Starting Load Kernel Modules...
[   16.542751] Loading iSCSI transport class v2.0-870.
         Starting Load Kernel Modules...
[   16.544204] systemd[1]: Reached target Encrypted Volumes.
[[0;32m  OK  [[   16.774321] iscsi: registered transport (tcp)
0m] Reached target Encrypted Vol[   16.922055] iscsi: registered transport (iser)
umes.
[   17.074633] systemd[1]: Listening on /dev/initctl Compatibility Named Pipe.
[[0;32m  OK  [0m] Listening on /dev/initctl Compatibility Named Pipe.
[   17.514745] systemd[1]: Listening on LVM2 poll daemon socket.
[[0;32m  OK  [0m] Listening on LVM2 poll daemon socket.
[   17.534476] systemd[1]: Starting Remount Root and Kernel File Systems...
[   17.537828] EXT4-fs (sda1): re-mounted. Opts: (null)
         Starting Remount Root and Kernel File Systems...
[   17.560573] systemd[1]: Listening on LVM2 metadata daemon socket.
[[0;32m  OK  [0m] Listening on LVM2 metadata daemon socket.
[   17.568142] systemd[1]: Created slice User and Session Slice.
[[0;32m  OK  [0m] Created slice User and Session Slice.
[   17.614479] systemd[1]: Started Forward Password Requests to Wall Directory Watch.
[[0;32m  OK  [0m] Started Forward Password Requests to Wall Directory Watch.
[   18.354487] systemd[1]: Reached target User and Group Name Lookups.
[[0;32m  OK  [0m] Reached target User and Group Name Lookups.
[   18.639172] systemd[1]: Listening on Syslog Socket.
[[0;32m  OK  [0m] Listening on Syslog Socket.
[   18.658509] systemd[1]: Starting Set console keymap...
         Starting Set console keymap...
[   18.810459] systemd[1]: Reached target Swap.
[[0;32m  OK  [0m] Reached target Swap.
[   18.834425] systemd[1]: Starting Create list of required static device nodes for the current kernel...
         Starting Create list of required st... nodes for the current kernel...
[   18.886409] systemd[1]: Starting Monitoring of LVM2 mirrors, snapshots etc. using dmeventd or progress polling...
         Starting Monitoring of LVM2 mirrors... dmeventd or progress polling...
[   18.897167] systemd[1]: Reached target Slices.
[[0;32m  OK  [0m] Reached target Slices.
[   18.903613] systemd[1]: Set up automount Arbitrary Executable File Formats File System Automount Point.
[[0;32m  OK  [0m] Set up automount Arbitrary Executab...ats File System Automount Point.
[   18.912969] systemd[1]: Listening on udev Control Socket.
[[0;32m  OK  [0m] Listening on udev Control Socket.
[   18.936139] systemd[1]: Listening on Journal Socket (/dev/log).
[[0;32m  OK  [0m] Listening on Journal Socket (/dev/log).
[   18.990468] systemd[1]: Starting Journal Service...
         Starting Journal Service...
[   19.435277] systemd[1]: Mounted Debug File System.
[[0;32m  OK  [0m] Mounted Debug File System.
[   19.710379] systemd[1]: Mounted POSIX Message Queue File System.
[[0;32m  OK  [0m] Mounted POSIX Message Queue File System.
[   19.819302] systemd[1]: Mounted Huge Pages File System.
[[0;32m  OK  [0m] Mounted Huge Pages File System.
[   19.823843] systemd[1]: Started Journal Service.
[[0;32m  OK  [0m] Started Journal Service.
[[0;32m  OK  [0m] Started Uncomplicated firewall.
[[0;32m  OK  [0m] Started Load Kernel Modules.
[[0;32m  OK  [0m] Started Remount Root and Kernel File Systems.
[[0;32m  OK  [0m] Started Set console keymap.
[[0;32m  OK  [0m] Started Create list of required sta...ce nodes for the current kernel.
[[0;32m  OK  [0m] Started Nameserver information manager.
[[0;32m  OK  [0m] Started LVM2 metadata daemon.
         Starting Create Static Device Nodes in /dev...
         Starting Initial cloud-init job (pre-networking)...
         Starting udev Coldplug all Devices...
         Starting Load/Save Random Seed...
         Starting Apply Kernel Variables...
         Mounting FUSE Control File System...
         Starting Flush Journal to Persistent Storage...
[[0;32m  OK  [0m] Mounted FUSE Control File System.
[[0;32m  OK  [0m] Started Create Static Device Nodes in /dev.
[[0;32m  OK  [0m] Started Load/Save Random Seed.
[[0;32m  OK  [0m] Started Apply Kernel Variables.
[[0;32m  OK  [0m] Started udev Coldplug all Devices.
         Starting udev Kernel Device Manager...
[[0;32m  OK  [0m] Started Flush Journal to Persistent Storage.
[[0;32m  OK  [0m] Started Monitoring of LVM2 mirrors,...ng dmeventd or progress polling.
[[0;32m  OK  [0m] Started udev Kernel Device Manager.
[[0;32m  OK  [0m] Reached target Local File Systems (Pre).
[[0;32m  OK  [0m] Reached target Local File Systems.
         Starting Commit a transient machine-id on disk...
         Starting Create Volatile Files and Directories...
         Starting LSB: AppArmor initialization...
         Starting Tell Plymouth To Write Out Runtime Data...
         Starting Set console font and keymap...
[[0;32m  OK  [0m] Started Dispatch Password Requests to Console Directory Watch.
[[0;32m  OK  [0m] Started Create Volatile Files and Directories.
[[0;32m  OK  [0m] Started Commit a transient machine-id on disk.
[[0;32m  OK  [0m] Started Tell Plymouth To Write Out Runtime Data.
[[0;32m  OK  [0m] Found device /dev/ttyS0.
         Starting Update UTMP about System Boot/Shutdown...
[[0;32m  OK  [0m] Started Update UTMP about System Boot/Shutdown.
[[0;32m  OK  [0m] Listening on Load/Save RF Kill Switch Status /dev/rfkill Watch.
[[0;32m  OK  [0m] Started LSB: AppArmor initialization.
[[0;32m  OK  [0m] Started Set console font and keymap.
[   21.677123] cloud-init[450]: Cloud-init v. 17.2 running 'init-local' at Wed, 18 Apr 2018 12:32:36 +0000. Up 21.33 seconds.
[[0;32m  OK  [0m] Created slice system-getty.slice.
[[0;32m  OK  [0m] Started Initial cloud-init job (pre-networking).
[[0;32m  OK  [0m] Reached target Network (Pre).
         Starting Raise network interfaces...
[[0;32m  OK  [0m] Started Raise network interfaces.
[[0;32m  OK  [0m] Reached target Network.
         Starting Initial cloud-init job (metadata service crawler)...
[   24.576998] cloud-init[957]: Cloud-init v. 17.2 running 'init' at Wed, 18 Apr 2018 12:32:38 +0000. Up 23.36 seconds.
[[0;32m  OK  [0m] Started Initial cloud-init job (metadata service crawler).
[   24.711034] cloud-init[957]: ci-info: ++++++++++++++++++++++++++++++++++++++Net device info++++++++++++++++++++++++++++++++++++++
[   24.722213] cloud-init[957]: ci-info: +--------+-------+----------------------------+---------------+-------+-------------------+
[   24.736402] cloud-init[957]: ci-info: | Device |   Up  |          Address           |      Mask     | Scope |     Hw-Address    |
[   24.736709] cloud-init[957]: ci-info: +--------+-------+----------------------------+---------------+-------+-------------------+
[[0;32m  OK  [0m] Reached target Network is Online.
[   24.736835] cloud-init[957]: ci-info: | enp0s3 |  True |         10.0.2.15          | 255.255.255.0 |   .   | 02:39:99:10:d1:5e |
[   24.746595] cloud-init[957]: ci-info: | enp0s3 |  True | fe80::39:99ff:fe10:d15e/64 |       .       |  link | 02:39:99:10:d1:5e |
[   24.748241] cloud-init[957]: ci-info: | enp0s8 | False |             .              |       .       |   .   | 08:00:27:1d:80:79 |
[   24.750384] cloud-init[957]: ci-info: |   lo   |  True |         127.0.0.1          |   255.0.0.0   |   .   |         .         |
[   24.752031] cloud-init[957]: ci-info: |   lo   |  True |          ::1/128           |       .       |  host |         .         |
[   24.753702] cloud-init[957]: ci-info: +--------+-------+----------------------------+---------------+-------+-------------------+
[   24.760211] cloud-init[957]: ci-info: +++++++++++++++++++++++++++Route IPv4 info++++++++++++++++++++++++++++
[   24.761696] cloud-init[957]: ci-info: +-------+-------------+----------+---------------+-----------+-------+
[   24.763185] cloud-init[957]: ci-info: | Route | Destination | Gateway  |    Genmask    | Interface | Flags |
[   24.765050] cloud-init[957]: ci-info: +-------+-------------+----------+---------------+-----------+-------+
[   24.765365] cloud-init[957]: ci-info: |   0   |   0.0.0.0   | 10.0.2.2 |    0.0.0.0    |   enp0s3  |   UG  |
[   24.765633] cloud-init[957]: ci-info: |   1   |   10.0.2.0  | 0.0.0.0  | 255.255.255.0 |   enp0s3  |   U   |
[   24.765887] cloud-init[957]: ci-info: +-------+-------------+----------+---------------+-----------+-------+
[   24.766139] cloud-init[957]: Generating public/private rsa key pair.
[   24.766398] cloud-init[957]: Your identification has been saved in /etc/ssh/ssh_host_rsa_key.
[   24.766653] cloud-init[957]: Your public key has been saved in /etc/ssh/ssh_host_rsa_key.pub.
[   24.766920] cloud-init[957]: The key fingerprint is:
[   24.767175] cloud-init[957]: SHA256:kKcKWTgwzCTm+ujZWHviZszPbjZThWGPFJ0g0YnNRCA root@ubuntu-xenial
[   24.767430] cloud-init[957]: The key's randomart image is:
[   24.767685] cloud-init[957]: +---[RSA 2048]----+
[   24.767946] cloud-init[957]: |Bo E +X== .      |
[   24.768336] cloud-init[957]: |+= ....X o       |
[   24.768587] cloud-init[957]: | .o . = *        |
[   24.768860] cloud-init[957]: |.  +   * o       |
[   24.769092] cloud-init[957]: |. o   . S        |
[   24.769346] cloud-init[957]: | o . . .         |
[   24.769599] cloud-init[957]: |. +.. .          |
[   24.769853] cloud-init[957]: |. =*o*           |
[   24.770107] cloud-init[957]: | +++B+o          |
[   24.770360] cloud-init[957]: +----[SHA256]-----+
         Starting iSCSI initiator daemon (iscsid)...
[[   24.770595] cloud-init[957]: Generating public/private dsa key pair.
[   25.400577] cloud-init[957]: Your identification has been saved in /etc/ssh/ssh_host_dsa_key.
[   25.400937] cloud-init[957]: Your public key has been saved in /etc/ssh/ssh_host_dsa_key.pub.
[   25.401196] cloud-init[957]: The key fingerprint is:
[   25.401509] cloud-init[957]: SHA256:Yu2GSzACIjcXVRkdX8oyk7kHhz4+G+ZSNB8QTtcRgT4 root@ubuntu-xenial
[   25.401976] cloud-init[957]: The key's randomart image is:
[   25.402452] cloud-init[957]: +---[DSA 1024]----+
[   25.402929] cloud-init[957]: |    ....o++o.o=+ |
[   25.403408] cloud-init[957]: |     .  .ooB.o.  |
[   25.403886] cloud-init[957]: |+ o .     Xo=    |
[   25.404637] cloud-init[957]: |oo o   . .oBE    |
[   25.405093] cloud-init[957]: |  . o o S.+o.o   |
[   25.405583] cloud-init[957]: |   . + + ..o.    |
[   25.406052] cloud-init[957]: |      o o.=      |
[   25.406526] cloud-init[957]: |     . o.o +     |
[   25.407001] cloud-init[957]: |      .  .o      |
[0;32m  OK  [0m] Reached target System Initialization.
[   25.407244] cloud-init[957]: +----[SHA256]-----+
[   25.421898] cloud-init[957]: Generating public/private ecdsa key pair.
[   25.456505] cloud-init[957]: Your identification has been saved in /etc/ssh/ssh_host_ecdsa_key.
[   25.457011] cloud-init[957]: Your public key has been saved in /etc/ssh/ssh_host_ecdsa_key.pub.
         Starting LXD - unix socket.
[   25.457196] cloud-init[957]: The key fingerprint is:
[   25.700601] cloud-init[957]: SHA256:ENsyA9bH4ppmHrugmmhLHn6KRKdKqT/xDWt79nYCgOg root@ubuntu-xenial
[   25.701149] cloud-init[957]: The key's randomart image is:
[[0;32m  OK  [0m] Started Timer to automatically refresh installed snaps.
[   25.701373] cloud-init[957]: +---[ECDSA 256]---+
[   25.851944] cloud-init[957]: |    o...         |
[   25.852473] cloud-init[957]: |   . .o+o        |
[   25.852760] cloud-init[957]: | . . .*o.        |
[[0;32m  OK  [0m] Listening on ACPID Listen Socket.
[   25.853040] cloud-init[957]: |. . . .=         |
[   25.859436] cloud-init[957]: |.. . +  S        |
[   25.861024] cloud-init[957]: |.E= B .          |
[   25.873444] cloud-init[957]: | B.* * .         |
[   25.873897] cloud-init[957]: |@+oo* + o .      |
[[0;32m  OK  [0m] Started ACPI Events Check.
[[   25.874046] cloud-init[957]: |@*=oo= o.o       |
[   25.901809] cloud-init[957]: +----[SHA256]-----+
[   25.902096] cloud-init[957]: Generating public/private ed25519 key pair.
[   25.902430] cloud-init[957]: Your identification has been saved in /etc/ssh/ssh_host_ed25519_key.
[   25.904474] cloud-init[957]: Your public key has been saved in /etc/ssh/ssh_host_ed25519_key.pub.
[   25.905430] cloud-init[957]: The key fingerprint is:
[   25.905737] cloud-init[957]: SHA256:lEvUyd6SHgYCJxT2pXx5/wCElf2PNCTCNZYFqN2LcPk root@ubuntu-xenial
[   25.906055] cloud-init[957]: The key's randomart image is:
[   25.906370] cloud-init[957]: +--[ED25519 256]--+
[   25.906697] cloud-init[957]: |   .*o. o*o*=+.  |
[   25.907010] cloud-init[957]: |   . =.+o+O.+..  |
[   25.907310] cloud-init[957]: |      +.*=o* +   |
[   25.907611] cloud-init[957]: |       +ooXoo +  |
[   25.907921] cloud-init[957]: |        S= =oo + |
[   25.908536] cloud-init[957]: |          o Eo. .|
[   25.908829] cloud-init[957]: |              .  |
[   25.909131] cloud-init[957]: |                 |
[   25.909427] cloud-init[957]: |                 |
[   25.909729] cloud-init[957]: +----[SHA256]-----+
[0;32m  OK  [0m] Reached target Paths.
[[0;32m  OK  [0m] Listening on UUID daemon activation socket.
[[0;32m  OK  [0m] Started Daily Cleanup of Temporary Directories.
         Starting Socket activation for snappy daemon.
[[0;32m  OK  [0m] Listening on D-Bus System Message Bus Socket.
[[0;32m  OK  [0m] Started Daily apt download activities.
[[0;32m  OK  [0m] Started Daily apt upgrade and clean activities.
[[0;32m  OK  [0m] Reached target Timers.
[[0;32m  OK  [0m] Reached target Cloud-config availability.
[[0;32m  OK  [0m] Listening on LXD - unix socket.
[[0;32m  OK  [0m] Listening on Socket activation for snappy daemon.
[[0;32m  OK  [0m] Reached target Sockets.
[[0;32m  OK  [0m] Reached target Basic System.
         Starting Login Service...
         Starting System Logging Service...
[[0;32m  OK  [0m] Started Deferred execution scheduler.
         Starting LSB: Record successful boot for GRUB...
         Starting /etc/rc.local Compatibility...
         Starting Virtualbox guest utils...
[[0;32m  OK  [0m] Started ACPI event daemon.
[[0;32m  OK  [0m] Started FUSE filesystem for LXC.
[[0;32m  OK  [0m] Started Regular background program processing daemon.
         Starting Apply the settings specified in cloud-config...
         Starting LSB: MD monitoring daemon...
         Starting Accounts Service...
[[0;32m  OK  [0m] Started D-Bus System Message Bus.
[[0;32m  OK  [0m] Started Unattended Upgrades Shutdown.
         Starting Snappy daemon...
         Starting Pollinate to seed the pseudo random number generator...
         Starting LXD - container startup/shutdown...
[[0;32m  OK  [0m] Started System Logging Service.
[[0;32m  OK  [0m] Started iSCSI initiator daemon (iscsid).
[[0;32m  OK  [0m] Started /etc/rc.local Compatibility.
[[0;32m  OK  [0m] Started Login Service.
         Starting Authenticate and Authorize Users to Run Privileged Tasks...
         Starting Login to default iSCSI targets...
[[0;32m  OK  [0m] Started LSB: Record successful boot for GRUB.
[[0;32m  OK  [0m] Started Login to default iSCSI targets.
[[0;32m  OK  [0m] Reached target Remote File Systems (Pre).
[[0;32m  OK  [0m] Reached target Remote File Systems.
         Starting LSB: Set the CPU Frequency Scaling governor to "ondemand"...
         Starting Permit User Sessions...
         Starting LSB: daemon to balance interrupts for SMP systems...
         Starting LSB: automatic crash report generation...
[[0;32m  OK  [0m] Started LSB: Set the CPU Frequency Scaling governor to "ondemand".
[[0;32m  OK  [0m] Started LSB: MD monitoring daemon.
[[0;32m  OK  [0m] Started Permit User Sessions.
         Starting Terminate Plymouth Boot Screen...
         Starting Hold until boot process finishes up...
[[0;32m  OK  [0m] Started LSB: daemon to balance interrupts for SMP systems.
[   26.886108] cloud-init[1081]: Generating locales (this might take a while)...
[[0;32m  OK  [0m] Started Terminate Plymouth Boot Screen.
[[0;32m  OK  [0m] Started Hold until boot process finishes up.
         Starting Set console scheme...
[[0;32m  OK  [0m] Started Serial Getty on ttyS0.
[[0;32m  OK  [0m] Started Getty on tty1.
[[0;32m  OK  [0m] Reached target Login Prompts.
[[0;32m  OK  [0m] Started LSB: automatic crash report generation.
[[0;32m  OK  [0m] Started Set console scheme.
[[0;32m  OK  [0m] Started Authenticate and Authorize Users to Run Privileged Tasks.
[[0;32m  OK  [0m] Started Accounts Service.
[[0;32m  OK  [0m] Started Virtualbox guest utils.
[[0;32m  OK  [0m] Started Snappy daemon.
[[0;32m  OK  [0m] Started LXD - container startup/shutdown.
[   28.114274] cloud-init[1081]:   en_US.UTF-8... done
[   28.133488] cloud-init[1081]: Generation complete.
[[0;32m  OK  [0m] Started Pollinate to seed the pseudo random number generator.
         Starting OpenBSD Secure Shell server...
[[0;32m  OK  [0m] Started OpenBSD Secure Shell server.
[[0;32m  OK  [0m] Reached target Multi-User System.
[[0;32m  OK  [0m] Reached target Graphical Interface.
         Starting Update UTMP about System Runlevel Changes...
[[0;32m  OK  [0m] Started Update UTMP about System Runlevel Changes.
[[0;32m  OK  [0m] Created slice User Slice of vagrant.
[   28.905665] cloud-init[1081]: Cloud-init v. 17.2 running 'modules:config' at Wed, 18 Apr 2018 12:32:41 +0000. Up 26.33 seconds.
         Starting User Manager for UID 1000...
[[0;32m  OK  [0m] Started Apply the settings specified in cloud-config.
[[0;32m  OK  [0m] Started User Manager for UID 1000.
[[0;32m  OK  [0m] Started Session 1 of user vagrant.
         Starting Execute cloud user/final scripts...
ci-info: no authorized ssh keys fingerprints found for user ubuntu.
<14>Apr 18 12:32:44 ec2: 
<14>Apr 18 12:32:44 ec2: #############################################################
<14>Apr 18 12:32:44 ec2: -----BEGIN SSH HOST KEY FINGERPRINTS-----
<14>Apr 18 12:32:44 ec2: 1024 SHA256:Yu2GSzACIjcXVRkdX8oyk7kHhz4+G+ZSNB8QTtcRgT4 root@ubuntu-xenial (DSA)
<14>Apr 18 12:32:44 ec2: 256 SHA256:ENsyA9bH4ppmHrugmmhLHn6KRKdKqT/xDWt79nYCgOg root@ubuntu-xenial (ECDSA)
<14>Apr 18 12:32:44 ec2: 256 SHA256:lEvUyd6SHgYCJxT2pXx5/wCElf2PNCTCNZYFqN2LcPk root@ubuntu-xenial (ED25519)
<14>Apr 18 12:32:44 ec2: 2048 SHA256:kKcKWTgwzCTm+ujZWHviZszPbjZThWGPFJ0g0YnNRCA root@ubuntu-xenial (RSA)
<14>Apr 18 12:32:44 ec2: -----END SSH HOST KEY FINGERPRINTS-----
<14>Apr 18 12:32:44 ec2: #############################################################
-----BEGIN SSH HOST KEY KEYS-----
ecdsa-sha2-nistp256 AAAAE2VjZHNhLXNoYTItbmlzdHAyNTYAAAAIbmlzdHAyNTYAAABBBC9DLlSV1ZPQh5r7H6NsnBin/kQ8y1+UQ2Q86I+WuZkd9FyT4nV1qpP5MClxIY4e6xPf3fmaZH3yOQWAGx58YXA= root@ubuntu-xenial
ssh-ed25519 AAAAC3NzaC1lZDI1NTE5AAAAIO6wJUHBaq0VQAZFu3QANR3H8Ihliz9DzVDtpaxS3+wa root@ubuntu-xenial
ssh-rsa AAAAB3NzaC1yc2EAAAADAQABAAABAQClJZ8P50YVWwlQMSA/Y5fuuIkmZ1P0Q90aTTAVYonkBthFDVZ+rc5esXd+U2/Q4dW2DfTm4PF1stfx3gGgFfvdzKlSfM+hnSqpOqYUQuAVTRJ4niLlG6sMyVjfIrtxeTpQzFxZHSZDEH/noo65DFRWaME+zfaTDRqGXUagL0nbSGzFusA0sCXArXHfIDdlc5f7YGygL86Bs/Lw3Jt+/wmOXmqzrBnfhDcWp5k3LYObNYCyHwlSMaLMbb4PfdXG3+0XeaYP6Hsjo/FKio9gELva11zupetB/x7mF5B2Guh0ITUoclShVHFvuknpY6KzOT73IIfRy+kurxdwWvSMEt6P root@ubuntu-xenial
-----END SSH HOST KEY KEYS-----
[   29.813350] cloud-init[1314]: Cloud-init v. 17.2 running 'modules:final' at Wed, 18 Apr 2018 12:32:44 +0000. Up 29.40 seconds.
[   29.877785] cloud-init[1314]: ci-info: no authorized ssh keys fingerprints found for user ubuntu.
[   29.879293] cloud-init[[1314]: Cloud-init v. 17.2 finished at Wed, 18 Apr 2018 12:32:44 +0000. Datasource DataSourceNoCloud [seed=/dev/sdb][dsmode=net].  Up 29.80 seconds
[0;32m  OK  [0m] Started Execute cloud user/final scripts.
[[0;32m  OK  [0m] Reached target Cloud-init target.

Ubuntu 16.04.4 LTS ubuntu-xenial ttyS0

ubuntu-xenial login: 