[    0.000000] Initializing cgroup subsys cpuset
[    0.000000] Initializing cgroup subsys cpu
[    0.000000] Initializing cgroup subsys cpuacct
[    0.000000] Linux version 4.4.0-109-generic (buildd@lgw01-amd64-038) (gcc version 5.4.0 20160609 (Ubuntu 5.4.0-6uuntu164.5) ) #132-Ubun S Tue Jan 9 19:529 C 2018 (Ubuntu 4.4.0-109.132-generic 4.48)
[  00000]omnd line: BOOT_IMAGE=/boot/vmliz-4.0-109-generic otABEL=cloudimg-rofso console=tty1 console=ttyS0[    0.000] ERNEsuorte cpus:
[   0.000000]   teGenuineIntel
[  00000] AMAuthtiMD
[    0.00000  entaur CentaurHauls
[  0.0000 x/fpuxste_offset[2]:  5, tate_sizes[2]:  6[    0.000000] x86/fpu: Supporting XSAVE feature 0x01: 'x87 floating point registers'
[    0.000000] x86/fpu: Supporting XSAVE feature 0x02: 'SSE registers'
[    0.000000] x86/fpu: Supporting XSAVE feature 0x04: 'AVX registers'
[    0.000000] x86/fpu: Enabled xstate features 0x7, context size is 832 bytes, using 'standard' format.
[    0.000000] x86/fpu: Using 'lazy' FPU context switches.
[    0.000000] e820: BIOS-provided physical RAM map:
[    0.000000] BIOS-e820: [mem 0x0000000000000000-0x000000000009fbff] usable
[    0.000000] BIOS-e820: [mem 0x000000000009fc00-0x000000000009ffff] reserved
[    0.000000] BIOS-e820: [mem 0x00000000000f0000-0x00000000000fffff] reserved
[    0.000000] BIOS-e820: [mem 0x0000000000100000-0x000000007ffeffff] usable
[    0.000000] BIOS-e820: [mem 0x000000007fff0000-0x000000007fffffff] ACPI data
[    0.000000] BIOS-e820: [mem 0x00000000fffc0000-0x00000000ffffffff] reserved
[    0.000000] NX (Execute Disable) pteion: active
[  0.000] SIO2.5 est.
[  00000 Hervisor detectedKV
[    0000] 20last_pfn = 0x7ff m_arch_pfn = 0x40000000
[  0.000000] MTRRDibled
[  0000000] x86/PAT: MTRRs disabled, skipping PAT initialization too.
[    0.000000] CPU MTRRs all blank - virtualized system.
[    0.000000] x86/PAT: Configuration [0-7]: WB  WT  UC- UC  WB  WT  UC- UC  
[    0.000000] found SMP MP-table at [mem 0x0009fff0-0x0009ffff] mapped at [ffff88000009fff0]
[    0.000000] Scanning 1 areas for low memory corruption
[    0.000000] RAMDISK: [mem 0x36adc000-0x37565fff]
[    0.000000] ACPI: Early table checksum verification disabled
[    0.000000] ACPI: RSDP 0x00000000000E0000 000024 (v02 VBOX  )
[    0.000000] ACPI: XSDT 0x000000007FFF0030 00003C (v01 VBOX   VBOXXSDT 00000001 ASL  00000061)
[    0.000000] ACPI: FACP 0x000000007FFF00F0 0000F4 (v04 VBOX   VBOXFACP 00000001 ASL  00000061)
[    0.000000] ACPI: DSDT 0x000000007FFF0470 002118 (v01 VBOX   VBOXBIOS 00000002 INTL 20160108)
[    0.000000] ACPI: FACS 0x000000007FFF0200 000040
[    0.000000] ACPI: FACS 0x000000007FFF0200 000040
[    0.000000] ACPI: APIC 0x000000007FFF0240 00005C (v02 VBOX   VBOXAPIC 00000001 ASL  00000061)
[    0.000000] ACPI: SSDT 0x000000007FFF02A0 0001CC (v01 VBOX   VBOXCPUT 00000002 INTL 20160108)
[    0.000000] No NUMA configuration found
[    0.000000] Faking a node at [mem 0x0000000000000000-0x000000007ffeffff]
[    0.000000] NODE_DATA(0) allocated [mem 0x7ffeb000-0x7ffeffff]
[    0.000000] kvm-clock: Using msrs 4b564d01 and 4b564d00
[    0.000000] kvm-clock: cpu 0, msr 0:7ffe3001, primary cpu clock
[    0.000000] kvm-clock: using sched offset of 3087068527 cycles
[    0.000000] clocksource: kvm-clock: mask: 0xffffffffffffffff max_cycles: 0x1cd42e4dffb, max_idle_ns: 881590591483 ns
[    0.000000] Zone ranges:
[    0.000000]   DMA      [mem 0x0000000000001000-0x0000000000ffffff]
[    0.000000]   DMA32    [mem 0x0000000001000000-0x000000007ffeffff]
[    0.000000]   Normal   empty
[    0.000000]   Device   empty
[    0.000000] Movable zone start for each node
[    0.000000] Early memory node ranges
[    0.000000]   node   0: [mem 0x0000000000001000-0x000000000009efff]
[    0.000000]   node   0: [mem 0x0000000000100000-0x000000007ffeffff]
[    0.000000] Initmem setup node 0 [mem 0x0000000000001000-0x000000007ffeffff]
[    0.000000] ACPI: PM-Timer IO Port: 0x4008
[    0.000000] IOAPIC[0]: apic_id 2, version 17, address 0xfec00000, GSI 0-23
[    0.000000] ACPI: INT_SRC_OVR (bus 0 us_irq 0 global_irq 2 dfl dfl)
[    0.000000] ACPI: INT_SRC_OVR (bus 0 bus_irq 9 global_irq 9 high level)
[    0.000000] Using ACPI (MADT) for SMP configuration information
[    0.000000] smpboot: Allowing 2 CPUs, 0 hotplug CPUs
[    0.000000] PM: Registered nosave memory: [mem 0x00000000-0x00000fff]
[    0.000000] PM: Registered nosave memory: [mem 0x0009f000-0x0009ffff]
[    0.000000] PM: Registered nosave memory: [mem 0x000a0000-0x000effff]
[    0.000000] PM: Registered nosave memory: [mem 0x000f0000-0x000fffff]
[    0.000000] e820: [mem 0x80000000-0xfffbffff] available for PCI devices
[    0.000000] Booting paravirtualized kernel on KVM
[    0.000000] clocksource: refined-jiffies: mask: 0xffffffff max_cycles: 0xffffffff, max_idle_ns: 7645519600211568 ns
[    0.000000] setup_percpu: NR_CPUS:512 nr_cpumask_bits:512 nr_cpu_ids:2 nr_node_ids:1
[    0.000000] PERCPU: Embedded 34 pages/cpu @ffff88007fc00000 s99544 r8192 d31528 u1048576
[    0.000000] PV qspinlock hash table entries: 256 (order: 0, 4096 bytes)
[    0.000000] Built 1 zonelists in Node order, mobility grouping on.  Total pages: 515961
[    0.000000] Policy zone: DMA32
[    0.000000] Kernel command line: BOOT_IMAGE=/boot/vmlinuz-4.4.0-109-generic root=LABEL=cloudimg-rootfs ro console=tty1 console=ttyS0
[    0.000000] PID hash table entries: 4096 (order: 3, 32768 bytes)
[    0.000000] Memory: 2033932K/2096696K available (8485K kernel code, 1308K rwdata, 3988K rodata, 1508K init, 1316K bss, 62764K reserved, 0K cma-reserved)
[    0.000000] SLUB: HWalign=64, Order=0-3, MinObjects=0, CPUs=2, Nodes=1
[    0.000000] Kernel/User page tables isolation: enabled
[    0.000000] Hierarchical RCU implementation.
[    0.000000] 	Build-time adjustment of leaf fanout to 64.
[    0.000000] 	RCU restricting CPUs from NR_CPUS=512 to nr_cpu_ids=2.
[    0.000000] RCU: Adjusting geometry for rcu_fanout_leaf=64, nr_cpu_ids=2
[    0.000000] NR_IRQS:33024 nr_irqs:440 16
[    0.000000] Console: colour VGA+ 80x25
[    0.000000] console [tty1] enabled
[    0.000000] console [ttyS0] enabled
[    0.000000] tsc: Detected 3393.556 MHz processor
[    3.529832] Calibrating delay loop (skipped) preset value.. 6787.11 BogoMIPS (lpj=13574224)
[    3.531140] pid_max: default: 32768 minimum: 301
[    3.531839] ACPI: Core revision 20150930
[    3.533320] ACPI: 2 ACPI AML tables successfully acquired and loaded
[    3.534353] Security Framework initialized
[    3.535001] Yama: becoming mindful.
[    3.535595] AppArmor: AppArmor initialized
[    3.536760] Dentry cache hash table entries: 262144 (order: 9, 2097152 bytes)
[    3.538029] Inode-cache hash table entries: 131072 (order: 8, 1048576 bytes)
[    3.539502] Mount-cache hash table entries: 4096 (order: 3, 32768 bytes)
[    3.540419] Mountpoint-cache hash table entries: 4096 (order: 3, 32768 bytes)
[    3.541559] Initializing cgroup subsys io
[    3.542203] Initializing cgroup subsys memory
[    3.542880] Initializing cgroup subsys devices
[    3.543562] Initializing cgroup subsys freezer
[    3.544242] Initializing cgroup subsys net_cls
[    3.544952] Initializing cgroup subsys perf_event
[    3.545692] Initializing cgroup subsys net_prio
[    3.546386] Initializing cgroup subsys hugetlb
[    3.547085] Initializing cgroup subsys pids
[    3.547805] CPU: Physical Processor ID: 0
[    3.548442] CPU: Processor Core ID: 0
[    3.549076] mce: CPU supports 0 MCE banks
[    3.549757] Last level iTLB entries: 4KB 512, 2MB 8, 4MB 8
[    3.550547] Last level dTLB entries: 4KB 512, 2MB 32, 4MB 32, 1GB 0
[    3.553193] Freeing SMP alternatives memory: 32K
[    3.561122] ftrace: allocating 32171 entries in 126 pages
[    3.600989] smpboot: APIC(0) Converting physical 0 to logical package 0
[    3.618437] smpboot: Max logical packages: 1
[    3.620201] ..TIMER: vector=0x30 apic1=0 pin1=2 apic2=-1 pin2=-1
[    3.728881] smpboot: CPU0: Intel(R) Core(TM) i7-2600 CPU @ 3.40GHz (family: 0x6, model: 0x2a, stepping: 0x7)
[    3.821263] Performance Events: unsupported p6 CPU model 42 no PMU driver, software events only.
[    3.889710] KVM setup paravirtual spinlock
[    3.936866] x86: Booting SMP configuration:
[    3.976761] .... node  #0, CPUs:      #1
[    3.982765] kvm-clock: cpu 1, msr 0:7ffe3041, secondary cpu clock
[    3.983677] mce: CPU supports 0 MCE banks
[    3.986233] x86: Booted up 1 node, 2 CPUs
[    3.995065] smpboot: Total of 2 processors activated (13574.22 BogoMIPS)
[    3.996334] devtmpfs: initialized
[    4.028668] evm: security.selinux
[    4.067451] evm: security.SMACK64
[    4.086619] evm: security.SMACK64EXEC
[    4.087212] evm: security.SMACK64TRANSMUTE
[    4.087845] evm: security.SMACK64MMAP
[    4.088435] evm: security.ima
[    4.088968] evm: security.capability
[    4.089725] clocksource: jiffies: mask: 0xffffffff max_cycles: 0xffffffff, max_idle_ns: 7645041785100000 ns
[    4.091132] futex hash table entries: 512 (order: 3, 32768 bytes)
[    4.092110] pinctrl core: initialized pinctrl subsystem
[    4.092994] RTC time:  2:45:35, date: 01/15/18
[    4.144969] NET: Registered protocol family 16
[    4.184591] cpuidle: using governor ladder
[    4.232922] cpuidle: using governor menu
[    4.237931] PCCT header not found.
[    4.273559] ACPI: bus type PCI registered
[    4.274195] acpiphp: ACPI Hot Plug PCI Controller Driver version: 0.5
[    4.275146] PCI: Using configuration type 1 for base access
[    4.285795] ACPI: Added _OSI(Module Device)
[    4.332799] ACPI: Added _OSI(Processor Device)
[    4.336903] ACPI: Added _OSI(3.0 _SCP Extensions)
[    4.337607] ACPI: Added _OSI(Processor Aggregator Device)
[    4.338927] ACPI: Executed 1 blocks of module-level executable AML code
[    4.341384] ACPI: Interpreter enabled
[    4.341994] ACPI: (supports S0 S5)
[    4.342558] ACPI: Using IOAPIC for interrupt routing
[    4.343397] PCI: Using host bridge windows from ACPI; if necessary, use "pci=nocrs" and report a bug
[    4.347489] ACPI: PCI Root Bridge [PCI0] (domain 0000 [bus 00-ff])
[    4.348349] acpi PNP0A03:00: _OSC: OS supports [ASPM ClockPM Segments MSI]
[    4.349300] acpi PNP0A03:00: _OSC failed (AE_NOT_FOUND); disabling ASPM
[    4.350221] acpi PNP0A03:00: fail to add MMCONFIG information, can't access extended PCI configuration space under this bridge.
[    4.351978] PCI host bridge to bus 0000:00
[    4.352634] pci_bus 0000:00: root bus resource [io  0x0000-0x0cf7 window]
[    4.353550] pci_bus 0000:00: root bus resource [io  0x0d00-0xffff window]
[    4.354464] pci_bus 0000:00: root bus resource [mem 0x000a0000-0x000bffff window]
[    4.355622] pci_bus 0000:00: root bus resource [mem 0x80000000-0xffdfffff window]
[    4.356823] pci_bus 0000:00: root bus resource [bus 00-ff]
[    4.358743] pci 0000:00:01.1: legacy IDE quirk: reg 0x10: [io  0x01f0-0x01f7]
[    4.359695] pci 0000:00:01.1: legacy IDE quirk: reg 0x14: [io  0x03f6]
[    4.360593] pci 0000:00:01.1: legacy IDE quirk: reg 0x18: [io  0x0170-0x0177]
[    4.361542] pci 0000:00:01.1: legacy IDE quirk: reg 0x1c: [io  0x0376]
[    4.392240] ACPI: PCI Interrupt Link [LNKA] (IRQs 5 9 10 11) *0, disabled.
[    4.438205] ACPI: PCI Interrupt Link [LNKB] (IRQs 5 9 10 *11)
[    4.439429] ACPI: PCI Interrupt Link [LNKC] (IRQs 5 9 *10 11)
[    4.440677] ACPI: PCI Interrupt Link [LNKD] (IRQs 5 *9 10 11)
[    4.441982] ACPI: Enabled 2 GPEs in block 00 to 07
[    4.443100] vgaarb: setting as boot device: PCI:0000:00:02.0
[    4.443951] vgaarb: device added: PCI:0000:00:02.0,decodes=io+mem,owns=io+mem,locks=none
[    4.455896] vgaarb: loaded
[    4.466448] vgaarb: bridge control possible 0000:00:02.0
[    4.467760] SCSI subsystem initialized
[    4.468793] ACPI: bus type USB registered
[    4.469674] usbcore: registered new interface driver usbfs
[    4.470716] usbcore: registered new interface driver hub
[    4.473230] usbcore: registered new device driver usb
[    4.478200] PCI: Using ACPI for IRQ routing
[    4.479115] NetLabel: Initializing
[    4.479718] NetLabel:  domain hash size = 128
[    4.480429] NetLabel:  protocols = UNLABELED CIPSOv4
[    4.481226] NetLabel:  unlabeled traffic allowed by default
[    4.496903] amd_nb: Cannot enumerate AMD northbridges
[    4.497675] clocksource: Switched to clocksource kvm-clock
[    4.504163] AppArmor: AppArmor Filesystem Enabled
[    4.516944] pnp: PnP ACPI init
[    4.518088] pnp: PnP ACPI: found 3 devices
[   4.528984] clocksource: acpi_pm: mask: 0xffffff max_cycles: 0xffffff, max_idle_ns: 2085701024 ns
[    4.551671] NET: Registered protocol family 2

[    4.552485] TCP established hash table entries: 16384 (order: 5, 131072 bytes)
[    4.567265] TCP bind hash table entries: 16384 (order: 6, 262144 bytes)
[    4.568181] TCP: Hah tables configured (established 16384 bind 16384)
[    4.590374] UDP hash table entries: 1024 (order: 3, 32768 bytes)
[    4.591251] UDP-Lite hash table entries: 1024 (order: 3, 32768 bytes)
[    4.592171] NET: Registered protocol family 1
[    4.592855] pci 0000:00:00.0: Limiting direct PCI/PCI transfers
[    4.593694] pci 0000:00:01.0: Activating ISA DMA hang workarounds
[    4.594654] Unpacking initramfs...

[    6.031419] Freeing initrd memory: 10792K
[    6.148101] RAPL PMU detected, API unit is 2^-32 Joules, 3 fixed counters 10737418240 ms ovfl timer
[    6.418286] hw unit of domain pp0-core 2^-0 Joules
[    6.549270] hw unit of domain package 2^-0 Joules
[    6.575377] hw unit of domain pp1-gpu 2^-0 Joules
[    6.582340] platform rtc_cmos: registered platform RTC device (no PNP device found)
[    6.583646] Scanning for low memory corruption every 60 seconds
[    6.587494] audit: initializing netlink subsys (disabled)
[    6.588351] audit: type=2000 audit(1515984338.480:1): initialized
[    6.589458] Initialise system trusted keyring
[    6.590371] HugeTLB registered 2 MB page size, pre-allocated 0 pages
[    6.592458] zbud: loaded
[    6.593148] VFS: Disk quotas dquot_6.6.0
[    6.593841] VFS: Dquot-cache hash table entries: 512 (order 0, 4096 bytes)
[    6.594970] squashfs: version 4.0 (2009/01/31) Phillip Lougher
[    6.596084] fuse init (API version 7.23)
[    6.596812] Key type big_key registered
[    6.597445] Allocating IMA MOK and blacklist keyrings.
[    6.599402] Key type asymmetric registered
[    6.600086] Asymmetric key parser 'x509' registered
[    6.600834] Block layer SCSI generic (bsg) driver version 0.4 loaded (major 249)
[    6.602082] io scheduler noop registered
[    6.602703] io scheduler deadline registered (default)
[    6.603469] io scheduler cfq registered
[    6.604188] pci_hotplug: PCI Hot Plug PCI Core version: 0.5
[    6.604983] pciehp: PCI Express Hot Plug Controller Driver version: 0.4
[    6.606026] ACPI: AC Adapter [AC] (on-line)
[    6.606723] input: Power Button as /devices/LNXSYSTM:00/LNXPWRBN:00/input/input0
[    6.607911] ACPI: Power Button [PWRF]
[    6.608556] input: Sleep Button as /devices/LNXSYSTM:00/LNXSLPBN:00/input/input1
[    6.609717] ACPI: Sleep Button [SLPF]
[    6.610487] GHES: HEST is not enabled!
[    6.626009] Serial: 8250/16550 driver, 32 ports, IRQ sharing enabled
[    6.675771] 00:02: ttyS0 at I/O 0x3f8 (irq = 4, base_baud = 115200) is a 16550A
[    6.688981] Linux agpgart interface v0.103
[    6.691118] loop: module loaded
[    6.730662] scsi host0: ata_piix
[    6.750138] scsi host1: ata_piix
[    6.760515] ata1: PATA max UDMA/33 cmd 0x1f0 ctl 0x3f6 bmdma 0xd000 irq 14
[    6.761438] ata2: PATA max UDMA/33 cmd 0x170 ctl 0x376 bmdma 0xd008 irq 15
[    6.762461] libphy: Fixed MDIO Bus: probed
[    6.778312] tun: Universal TUN/TAP device driver, 1.6
[    6.779047] tun: (C) 1999-2004 Max Krasnyansky <maxk@qualcomm.com>
[    6.779938] PPP generic driver version 2.4.2
[    6.780639] ehci_hcd: USB 2.0 'Enhanced' Host Controller (EHCI) Driver
[    6.781530] ehci-pci: EHCI PCI platform driver
[    6.782257] ehci-platform: EHCI generic platform driver
[    6.783017] ohci_hcd: USB 1.1 'Open' Host Controller (OHCI) Driver
[    6.783869] ohci-pci: OHCI PCI platform driver
[    6.784548] ohci-platform: OHCI generic platform driver
[    6.785344] uhci_hcd: USB Universal Host Controller Interface driver
[    6.791191] i8042: PNP: PS/2 Controller [PNP0303:PS2K,PNP0f03:PS2M] at 0x60,0x64 irq 1,12
[    6.800595] serio: i8042 KBD port at 0x60,0x64 irq 1
[    6.801327] serio: i8042 AUX port at 0x60,0x64 irq 12
[    6.802181] mousedev: PS/2 mouse device common for all mice
[    6.803186] input: AT Translated Set 2 keyboard as /devices/platform/i8042/serio0/input/input2
[    6.804773] rtc_cmos rtc_cmos: rtc core: registered rtc_cmos as rtc0
[    6.805742] rtc_cmos rtc_cmos: alarms up to one day, 114 bytes nvram
[    6.806615] i2c /dev entries driver
[    6.807234] device-mapper: uevent: version 1.0.3
[    6.807990] device-mapper: ioctl: 4.34.0-ioctl (2015-10-28) initialised: dm-devel@redhat.com
[    6.809259] ledtrig-cpu: registered to indicate activity on CPUs
[    6.810509] NET: Registered protocol family 10
[    6.811364] NET: Registered protocol family 17
[    6.812057] Key type dns_resolver registered
[    6.812826] microcode: CPU0 sig=0x206a7, pf=0x10, revision=0x0
[    6.813678] microcode: CPU1 sig=0x206a7, pf=0x10, revision=0x0
[    6.814790] microcode: Microcode Update Driver: v2.01 <tigran@aivazian.fsnet.co.uk>, Peter Oruba
[    6.816226] registered taskstats version 1
[    6.816884] Loading compiled-in X.509 certificates
[    6.818235] Loaded X.509 cert 'Build time autogenerated kernel key: 96e61bd247bb6c4e82ca419795a98fcb171b0e99'
[    6.819656] zswap: loaded using pool lzo/zbud
[    6.822505] Key type trusted registered
[    6.862370] Key type encrypted registered
[    6.895122] AppArmor: AppArmor sha1 policy hashing enabled
[    6.954076] ima: No TPM chip found, activating TPM-bypass!
[    6.959562] evm: HMAC attrs: 0x1
[    6.960403]   Magic number: 2:540:763
[    6.961016] serio serio1: hash matches
[    6.961725] rtc_cmos rtc_cmos: setting system clock to 2018-01-15 02:45:38 UTC (1515984338)
[    6.963122] BIOS EDD facility v0.16 2004-Jun-25, 0 devices found
[    6.963986] EDD information not available.
[    6.965861] Freeing unused kernel memory: 1508K
[    6.966566] Write protecting the kernel read-only data: 14336k
[    6.967860] Freeing unused kernel memory: 1744K
[    7.011434] Freeing unused kernel memory: 108K
Loading, please wait...
starting version[    7.052491] random: systemd-udevd: uninitialized urandom read (16 bytes read, 2 bits of entropy available)
 229
[    7.053032] random: udevadm: uninitialized urandom read (16 bytes read, 2 bits of entropy available)
[    7.053056] random: udevadm: uninitialized urandom read (16 bytes read, 2 bits of entropy available)
[    7.064417] random: udevadm: uninitialized urandom read (16 bytes read, 2 bits of entropy available)
[    7.064462] random: udevadm: uninitialized urandom read (16 bytes read, 2 bits of entropy available)
[    7.064705] random: udevadm: uninitialized urandom read (16 bytes read, 2 bits of entropy available)
[    7.064775] random: udevadm: uninitialized urandom read (16 bytes read, 2 bits of entropy available)
[    7.064844] random: udevadm: uninitialized urandom read (16 bytes read, 2 bits of entropy available)
[    7.064911] random: udevadm: uninitialized urandom read (16 bytes read, 2 bits of entropy available)
[    7.064980] random: udevadm: uninitialized urandom read (16 bytes read, 2 bits of entropy available)
[    7.124165] Fusion MPT base driver 3.04.20
[    7.235630] Copyright (c) 1999-2008 LSI Corporation
[    7.255943] e1000: Intel(R) PRO/1000 Network Driver - version 7.3.21-k8-NAPI
[    7.259529] e1000: Copyright (c) 1999-2006 Intel Corporation.
[    7.264342] AVX version of gcm_enc/dec engaged.
[    7.266815] AES CTR mode by8 optimization enabled
[    7.276052] Fusion MPT SPI Host driver 3.04.20
[    7.465107] input: ImExPS/2 Generic Explorer Mouse as /devices/platform/i8042/serio1/input/input4
[    7.581711] tsc: Refined TSC clocksource calibration: 3393.932 MHz
[    7.595877] clocksource: tsc: mask: 0xffffffffffffffff max_cycles: 0x30ebea6995d, max_idle_ns: 440795342935 ns
[    7.673095] e1000 0000:00:03.0 eth0: (PCI:33MHz:32-bit) 02:38:07:4c:82:85
[    8.415068] e1000 0000:00:03.0 eth0: Intel(R) PRO/1000 Network Connection
[    8.676354] mptbase: ioc0: Initiating bringup
[    8.676923] e1000 0000:00:03.0 enp0s3: renamed from eth0
[    8.892024] ioc0: LSI53C1030 A0: Capabilities={Initiator}
[   10.724532] floppy0: no floppy controllers found
[   10.776198] scsi host2: ioc0: LSI53C1030 A0, FwRev=00000000h, Ports=1, MaxQ=256, IRQ=20
[   10.914727] scsi 2:0:0:0: Direct-Access     VBOX     HARDDISK         1.0  PQ: 0 ANSI: 5
[   11.694047] scsi target2:0:0: Beginning Domain Validation
[   11.945423] scsi target2:0:0: Domain Validation skipping write tests
[   11.954110] scsi target2:0:0: Ending Domain Validation
[   11.954998] scsi target2:0:0: asynchronous
[   11.956365] scsi 2:0:1:0: Direct-Access     VBOX     HARDDISK         1.0  PQ: 0 ANSI: 5
[   11.957686] scsi target2:0:1: Beginning Domain Validation
[   11.960099] scsi target2:0:1: Domain Validation skipping write tests
[   12.243832] scsi target2:0:1: Ending Domain Validation
[   12.263889] scsi target2:0:1: asynchronous
[   12.282329] sd 2:0:0:0: Attached scsi generic sg0 type 0
[   12.313949] sd 2:0:0:0: [sda] 20971520 512-byte logical blocks: (10.7 GB/10.0 GiB)
[   12.321923] sd 2:0:0:0: [sda] Write Protect is off
[   12.322469] sd 2:0:1:0: Attached scsi generic sg1 type 0
[   12.322686] sd 2:0:1:0: [sdb] 20480 512-byte logical blocks: (10.5 MB/10.0 MiB)
[   12.322815] sd 2:0:1:0: [sdb] Write Protect is off
[   12.322901] sd 2:0:1:0: [sdb] Incomplete mode parameter data
[   12.322902] sd 2:0:1:0: [sdb] Assuming drive cache: write through
[   12.346420] sd 2:0:1:0: [sdb] Attached SCSI disk
[   12.541661] sd 2:0:0:0: [sda] Incomplete mode parameter data
[   12.542525] sd 2:0:0:0: [sda] Assuming drive cache: write through
[   12.575268]  sda: sda1
[   12.824325] sd 2:0:0:0: [sda] Attached SCSI disk
Begin: Loading e[   14.486740] md: linear personality registered for level -1
ssential drivers[   14.666908] md: multipath personality registered for level -4
 ... [   14.853736] md: raid0 personality registered for level 0
[   15.136264] md: raid1 personality registered for level 1
[   15.221975] raid6: sse2x1   gen()  9829 MB/s
[   15.721778] raid6: sse2x1   xor()  8421 MB/s
[   16.261700] raid6: sse2x2   gen() 11244 MB/s
[   16.361516] raid6: sse2x2   xor()  9062 MB/s
[   16.601473] raid6: sse2x4   gen() 15017 MB/s
[   16.861370] raid6: sse2x4   xor() 10922 MB/s
[   16.913279] raid6: using algorithm sse2x4 gen() 15017 MB/s
[   16.914083] raid6: .... xor() 10922 MB/s, rmw enabled
[   16.914806] raid6: using ssse3x2 recovery algorithm
[   16.917053] xor: automatically using best checksumming function:
[   16.957706]    avx       : 20130.000 MB/sec
[   17.082804] async_tx: api initialized (async)
[   17.239479] md: raid6 personality registered for level 6
[   17.271790] md: raid5 personality registered for level 5
[   17.272565] md: raid4 personality registered for level 4
[   17.279423] md: raid10 personality registered for level 10
done.
Begin: Running /scripts/init-premount ...[   17.470750] Btrfs loaded
 done.
Begin: Mounting root file system ... Begin: Running /scripts/local-top ... done.
Begin: Running /script[   17.611803] EXT4-fs (sda1): mounted filesystem with ordered data mode. Opts: (null)
s/local-premount ... Scanning for Btrfs filesystems
done.
Warning: fsck not present, so skipping root file system
done.
Begin: Running /scripts/local-bottom ... done.
Begin: Running /scripts/init-bottom ... done.
[   18.664098] systemd[1]: systemd 229 running in system mode. (+PAM +AUDIT +SELINUX +IMA +APPARMOR +SMACK +SYSVINIT +UTMP +LIBCRYPTSETUP +GCRYPT +GNUTLS +ACL +XZ -LZ4 +SECCOMP +BLKID +ELFUTILS +KMOD -IDN)
[   18.717410] systemd[1]: Detected virtualization oracle.
[   18.718680] systemd[1]: Detected architecture x86-64.

Welcome to [1mUbuntu 16.04.3 LTS[0m!

[   18.756499] systemd[1]: Set hostname to <ubuntu>.
[   19.239912] systemd[1]: Initializing machineIID from random generato..

[   19.628660] systemd[1]: Installed transient /etc/machine-id file.
[   20.074293] random: nonblocking pool is initialized
[   20.674585] systemd[1]: Reached target User and Group Name Lookups.
[[0;32m  OK  [0m] Reached target User and Group Name Lookups.
[   20.684449] systemd[1]: Started Forward Password Requests to Wall Directory Watch.
[[0;32m  OK  [0m] Started Forward Password Requests to Wall Directory Watch.
[   20.689496] systemd[1]: Listening on udev Control Socket.
[[0;32m  OK  [0m] Listening on udev Control Socket.
[   20.698199] systemd[1]: Created slice System Slice.
[[0;32m  OK  [0m] Created slice System Slice.
[   20.702765] systemd[1]: Listening on /dev/initctl Compatibility Named Pipe.
[[0;32m  OK  [0m] Listening on /dev/initctl Compatibility Named Pipe.
[   20.721919] systemd[1]: Listening on Journal Socket.
[[0;32m  OK  [0m] Listening on Journal Socket.
[   20.741890] systemd[1]: Starting Uncomplicated firewall...
         Starting Uncomplicated firewall...
[   20.751105] systemd[1]: Starting Set console keymap...
         Starting Set console keymap...
[   20.773920] systemd[1]: Listening on Syslog Socket.
[[0;32m  OK  [0m] Listening on Syslog Socket.
[   20.795009] systemd[1]: Listening on Device-mapper event daemon FIFOs.
[[0;32m  OK  [0m] Listening on Device-mapper event daemon FIFOs.
[   21.509896] systemd[1]: Mounting POSIX Message Queue File System...
         Mounting POSIX Message Queue File System...
[   21.749884] systemd[1]: Mounting Huge Pages File System...
         Mounting Huge Pages File System...
[   21.933915] systemd[1]: Listening on udev Kernel Socket.
[[0;32m  OK  [0m] Listening on udev Kernel Socket.
[ 22704]ystemd[1]: Reached target Encrypted Volumes.
[[0;32m  OK  [0m] Reached target Encrypted Volumes.
[   22.553962] systemd[1]: Starting Load Kernel Modules...
         Starting Load Ke[   22.718041] Loading iSCSI transport class v2.0-870.
rnel Modules...
[   22.819708] systemd[1]: Listening on LVM2 metadata daemon socket.
[[0;32m  OK  [0m] Listening on LVM2 metadata daemon socket.
[   22.822432] systemd[1]: Listening on Journal Socket (/dev/log).
[[0;32m  OK  [0m] Listening on Journal Socket (/dev/log).
[   22.827016] systemd[1]: Starting Nameserver information manager...
         Starting Nameserver information manager...
[   22.829594] systemd[1]: Starting Create list of required static device nodes for the current kernel...
         Starting Create list of required[   23.117979] iscsi: registered transport (tcp)
 st... nodes for the current kernel...
[   23.569554] systemd[1]: Set up automount Arbitrary Executable File Formats File System Automount Point.
[[0;32m  OK  [0m] Set up automount Arbitrary Executab...ats File System Automount Point.
[   23.606544] systemd[1]: Listening on Journal Audit Socket.
[[0;32m  OK  [0m] Listening on Journal Audit So[   23.806167] iscsi: registered transport (iser)
cket.
[   24.341868] systemd[1]: Reached target Swap.
[[0;32m  OK  [0m] Reached target Swap.
[ 24.509975] systemd[1]: Listening on LVM2 poll daemon socket.
[[0;32m  OK  [0m] Listening on LVM2 poll daemon socket.
[   24.958011] systemd[1]: Starting Journal Service...
         Starting Journal Service...
[   25.142037] systemd[1]: Starting Remount Root and Kernel File Systems...
         [   25.345129] EXT4-fs (sda1): re-mounted. Opts: (null)
Starting Remount Root and Kernel File Systems...
[   25.703125] systemd[1]: Starting Monitoring of LVM2 mirrors, snapshots etc. using dmeventd or progress polling...
         Starting Monitoring of LVM2 mirrors... dmeventd or progress polling...
[   25.719399] systemd[1]: Created slice User and Session Slice.
[[0;32m  OK  [0m] Created slice User and Session Slice.
[   25.721358] systemd[1]: Reached target Slices.
[[0;32m  OK  [0m] Reached target Slices.
[   25.723139] systemd[1]: Started Trigger resolvconf update for networkd DNS.
[[0;32m  OK  [0m] Started Trigger resolvconf update for networkd DNS.
[   25.725988] systemd[1]: Mounting Debug File System...
         Mounting Debug File System...
[   25.727916] systemd[1]: Created slice system-serial\x2dgetty.slice.
[[0;32m  OK  [0m] Created slice system-serial\x2dgetty.slice.
[   25.733474] systemd[1]: Mounted POSIX Message Queue File System.
[[0;32m  OK  [0m] Mounted POSIX Message Queue File System.
[   25.735565] systemd[1]: Mounted Huge Pages File System.
[[0;32m  OK  [0m] Mounted Huge Pages File System.
[   25.737346] systemd[1]: Mounted Debug File System.
[[0;32m  OK  [0m] Mounted Debug File System.
[   25.739134] systemd[1]: Started Journal Service.
[[0;32m  OK  [0m] Started Journal Service.
[[0;32m  OK  [0m] Started Uncomplicated firewall.
[[0;32m  OK  [0m] Started Set console keymap.
[[0;32m  OK  [0m] Started Load Kernel Modules.
[[0;32m  OK  [0m] Started Create list of required sta...ce nodes for the current kernel.
[[0;32m  OK  [0m] Started Remount Root and Kernel File Systems.
[[0;32m  OK  [0m] Started Nameserver information manager.
[[0;32m  OK  [0m] Started LVM2 metadata daemon.
         Starting Load/Save Random Seed...
         Starting udev Coldplug all Devices...
         Starting Initial cloud-init job (pre-networking)...
         Starting Create Static Device Nodes in /dev...
         Mounting FUSE Control File System...
         Starting Apply Kernel Variables...
         Starting Flush Journal to Persistent Storage...
[[0;32m  OK  [0m] Mounted FUSE Control File System.
[[0;32m  OK  [0m] Started Load/Save Random Seed.
[[0;32m  OK  [0m] Started Apply Kernel Variables.
[[0;32m  OK  [0m] Started Create Static Device Nodes in /dev.
[[0;32m  OK  [0m] Started udev Coldplug all Devices.
[[0;32m  OK  [0m] Started Flush Journal to Persistent Storage.
         Starting udev Kernel Device Manager...
[[0;32m  OK  [0m] Started Monitoring of LVM2 mirrors,...ng dmeventd or progress polling.
[[0;32m  OK  [0m] Started udev Kernel Device Manager.
[[0;32m  OK  [0m] Started Dispatch Password Requests to Console Directory Watch.
[[0;32m  OK  [0m] Reached target Local File Systems (Pre).
[[0;32m  OK  [0m] Reached target Local File Systems.
         Starting Commit a transient machine-id on disk...
         Starting Tell Plymouth To Write Out Runtime Data...
         Starting Create Volatile Files and Directories...
         Starting LSB: AppArmor initialization...
         Starting Set console font and keymap...
[[0;32m  OK  [0m] Found device /dev/ttyS0.
[[0;32m  OK  [0m] Started Create Volatile Files and Directories.
[[0;32m  OK  [0m] Started Commit a transient machine-id on disk.
[[0;32m  OK  [0m] Started Tell Plymouth To Write Out Runtime Data.
[[0;32m  OK  [0m] Reached target System Time Synchronized.
         Starting Update UTMP about System Boot/Shutdown...
[[0;32m  OK  [0m] Started Update UTMP about System Boot/Shutdown.
[[0;32m  OK  [0m] Listening on Load/Save RF Kill Switch Status /dev/rfkill Watch.
[[0;32m  OK  [0m] Started Set console font and keymap.
[[0;32m  OK  [0m] Created slice system-getty.slice.
[[0;32m  OK  [0m] Started LSB: AppArmor initialization.
[   24.375019] cloud-init[449]: Cloud-init v. 17.1 running 'init-local' at Mon, 15 Jan 2018 02:45:59 +0000. Up 23.98 seconds.
[[0;32m  OK  [0m] Started Initial cloud-init job (pre-networking).
[[0;32m  OK  [0m] Reached target Network (Pre).
         Starting Raise network interfaces...
[[0;32m  OK  [0m] Started Raise network interfaces.
[[0;32m  OK  [0m] Reached target Network.
         Starting Initial cloud-init job (metadata service crawler)...
[   27.508128] cloud-init[930]: Cloud-init v. 17.1 running 'init' at Mon, 15 Jan 2018 02:46:01 +0000. Up 26.24 seconds.
[   27.648460] [cloud-init[0;32m  OK  [0m[930]: ] ci-info: +++++++++++++++++++++++++++++++++++++Net device info+++++++++++++++++++++++++++++++++++++Started Initial cloud-init job (metadata service crawler).

[   27.648790] cloud-init[930]: ci-info: +--------+------+---------------------------+---------------+-------+-------------------+
[   27.878249] [cloud-init[0;32m  OK  [0m[930]: ] ci-info: | Device |  Up  |          Address          |      Mask     | Scope |     Hw-Address    |Reached target System Initialization.

[   27.879081] [cloud-init[0;32m  OK  [0m[930]: ] ci-info: +--------+------+---------------------------+---------------+-------+-------------------+Listening on UUID daemon activation socket.

[   27.998774] [cloud-init[0;32m  OK  [0m[930]: ] ci-info: | enp0s3 | True |         10.0.2.15         | 255.255.255.0 |   .   | 02:38:07:4c:82:85 |Listening on ACPID Listen Socket.

[   27.999332] cloud-init[930]: ci-info: | enp0s3 | True | fe80::38:7ff:fe4c:8285/64 |       .       |  link | 02:38:07:4c:82:85 |
[   28.006861] cloud-init[930]: ci-info: |   lo   | True |         127.0.0.1         |   255.0.0.0   |   .   |         .         |
[   28.009743] cloud-init[930]: ci-info: |   lo   | True |          ::1/128          |       .       |  host |         .         |
[   28.012514] cloud-init[930]: ci-info: +--------+------+---------------------------+---------------+-------+-------------------+
[   28.015162]          Starting LXD - unix socket.
[[0;32m  OK  [0m] Listening on D-Bus System Message Bus Socket.
cloud-init[930]: ci-info: +++++++++++++++++++++++++++Route IPv4 info++++++++++++++++++++++++++++
[   28.018683] cloud-init[930]: ci-info: +-------+-------------+----------+---------------+-----------+-------+
[   28.021022] cloud-init[930]: ci-info: | Route | Destination | Gateway  |    Genmask    | Interface | Flags |
[   28.023343] cloud-init[930]: ci-info: +-------+-------------+----------+---------------+-----------+-------+
[   28.025710] cloud-init[930]: ci-info: |   0   |   0.0.0.0   | 10.0.2.2 |    0.0.0.0    |   enp0s3  |   UG  |
[   28.028006] cloud-init[930]: ci-info: |   1   |   10.0.2.0  | 0.0.0.0  | 255.255.255.0 |   enp0s3  |   U   |
[   28.030264] [[0;32m  OK  [0m] Started ACPI Events Check.
[[0;32m  OK  [0m] Reached target Paths.
[[0;32m  OK  [0m] Started Daily Cleanup of Temporary Directories.
         Starting Socket activation for snappy daemon.
[[0;32m  OK  [0m] Started Timer to automatically refresh installed snaps.
[[0;32m  OK  [0m] Reached target Network is Online.
cloud-init[930]: ci-info: +-------+-------------+----------+---------------+-----------+-------+
         Starting iSCSI initiator daemon (iscsid)...
[   28.044849] [[0;32m  OK  [0m] Started Daily apt download activities.
[[0;32m  OK  [0m] Started Daily apt upgrade and clean activities.
[[0;32m  OK  [0m] Reached target Timers.
[[0;32m  OK  [0m] Reached target Cloud-config availability.
[[0;32m  OK  [0m] Listening on LXD - unix socket.
[[0;32m  OK  [0m] Listening on Socket activation for snappy daemon.
[[0;32m  OK  [0m] Reached target Sockets.
[[0;32m  OK  [0m] Reached target Basic System.
cloud-init[930]: Generating public/private rsa key pair.
[   28.051947] cloud-init[930]: Your identification has been saved in /etc/ssh/ssh_host_rsa_key.
[   28.053930] cloud-init[930]: Your public key has been saved in /etc/ssh/ssh_host_rsa_key.pub.
[   28.108397]          cloud-initStarting Pollinate to seed the pseudo random number generator...[930]: 
The key fingerprint is:
         Starting LXD - container startup/shutdown...
[   28.230746] cloud-init[930]: SHA256:LlBGK5rUIF5CRzs5aJi82fF+P5JAjiTL7/oJlYoY1sY root@ubuntu-xenial
[   28.344525]          cloud-initStarting /etc/rc.local Compatibility...[930]: 
The key's randomart image is:
[   28.428532]          cloud-initStarting LSB: MD monitoring daemon...[930]: 
+---[RSA 2048]----+
[   28.617732]          cloud-initStarting Apply the settings specified in cloud-config...[930]: 
|ooo+  .          |
[   28.816814] [cloud-init[0;32m  OK  [0m[930]: ] |+o=oo. .         |Started FUSE filesystem for LXC.

[   28.817155] cloud-init[930]: |o=.*o +          |
[   28.875362] cloud-init[930]: |.o*+*=           |
[   28.880098] cloud-init[930]: |o+*E=.  S        |
[   28.881765] cloud-init[930]: |+++..+ .         |
[   28.883337] cloud-init[930]: |oo.  .o.o        |
[   28.884977] cloud-init[930]: |  ... .+..       |
[   28.886520] cloud-init[930]: | .++    ...      |
[   28.890409] [[0;32m  OK  [0m] Started Deferred execution scheduler.
[[0;32m  OK  [0m] Started Unattended Upgrades Shutdown.
cloud-init[930]:          Starting System Logging Service...
+----[SHA256]-----+
[[0;32m  OK  [0m] Started D-Bus System Message Bus.
[   28.895816] cloud-init[930]: Generating public/private dsa key pair.
[   28.900183] cloud-init[930]: Your identification has been saved in /etc/ssh/ssh_host_dsa_key.
[   28.902047] cloud-init[930]: Your public key has been saved in /etc/ssh/ssh_host_dsa_key.pub.
[   28.904409] cloud-init[930]: The key fingerprint is:
[   28.905746] cloud-init[930]: SHA256:vLOW/KaeaxBniuI4RB6cOq6cDRsY2M502KhEoXv8Dq0 root@ubuntu-xenial
[   28.907520] cloud-init[930]: The key's randomart image is:
[   28.908974] cloud-init[930]: +---[DSA 1024]----+
[   28.910267] cloud-init[930]: | .               |
[   28.911558] cloud-init[930]: |. .              |
[   28.913127] cloud-init[930]: |o..              |
[   28.914417] cloud-init[930]: |oO +  ..o        |
[   28.916406] cloud-init[930]: |B.O o. =S        |
[   28.917373] cloud-init[930]: |=X.+. o  .       |
[   28.918318] cloud-init[930]: |=*+.o  oo.       |
[   28.919261] cloud-init[930]: |+.B+    =+.      |
[   28.920207] cloud-init[930]: |o=E..  +*=.      |
[   28.921140] cloud-init[930]: +----[SHA256]-----+
[   28.922082] cloud-init[930]: Generating public/private ecdsa key pair.
[   28.923221] cloud-init[930]: Your identification has been saved in /etc/ssh/ssh_host_ecdsa_key.
[   28.924845] cloud-init[930]: Your public key has been saved in /etc/ssh/ssh_host_ecdsa_key.pub.
[   28.926255] cloud-init[930]: The key fingerprint is:
[   28.927251] cloud-init[930]: SHA256:h7tolMqoKLsvAqIu0RICYaeIxL7bJhDcXJH1XJ4R3VI root@ubuntu-xenial
[   28.928710] cloud-init[930]: The key's randomart image is:
[   28.929762] cloud-init[930]: +---[ECDSA 256]---+
[   28.930738] cloud-init[930]: |o+ . .+.   +o oE |
[   28.931728] cloud-init[930]: |*.o  o  o o oo . |
[   28.932725] cloud-init[930]: |*.o .    o o  .  |
[   28.933748] cloud-init[930]: |+o o     .       |
[   28.934707] cloud-init[930]: |.+.    .S .      |
[   28.935684] cloud-init[930]: |*..   o  o       |
[   28.936689] cloud-init[930]: |=ooo o  .        |
[   28.937666] cloud-init[930]: |Bo.oo .. .       |
[   28.938634] cloud-init[930]: |XB+  .. .        |
[   28.939568] cloud-init[930]: +----[SHA256]-----+
[   28.940538] cloud-init[930]: Generating public/private ed25519 key pair.
[   28.941850] cloud-init[930]: Your identification has been saved in /etc/ssh/ssh_host_ed25519_key.
[   28.943194] cloud-init[930]: Your public key has been saved in /etc/ssh/ssh_host_ed25519_key.pub.
[   28.944591] cloud-init[930]: The key fingerprint is:
[   28.945574] cloud-init[930]: SHA256:O7VZmEPNKfFzThKWtJmBJikesNb+Of+lewJDLUWvfn0 root@ubuntu-xenial
[   28.946979] cloud-init[930]: The key's randomart image is:
[   28.948023] cloud-init[930]: +--[ED25519 256]--+
[   28.949006] cloud-init[930]: |    ..   ..+*.   |
[   28.949953] cloud-init[930]: |     oo o o*oO   |
[   28.950862] cloud-init[930]: |    o..o ooo@ +  |
[   28.951749] cloud-init[930]: |   . ..  .o+.B   |
[   28.952573] cloud-init[930]: |      . S.=.o .  |
[   28.953348] cloud-init[930]: |       . +o*   . |
[   28.954123] cloud-init[930]: |        * oo. o E|
[   28.954897] cloud-init[930]: |         +  .+. .|
[   28.956341] cloud-init[930]: |          ..++   |
[   28.957202] cloud-init[930]: +----[SHA256]-----+
[   29.020313] cloud-init[1072]: Generating locales (this might take a while)...
         Starting Accounts Service...
[[0;32m  OK  [0m] Started ACPI event daemon.
         Starting Snappy daemon...
[[0;32m  OK  [0m] Started Regular background program processing daemon.
         Starting Login Service...
         Starting LSB: Record successful boot for GRUB...
[[0;32m  OK  [0m] Started System Logging Service.
[[0;32m  OK  [0m] Started Pollinate to seed the pseudo random number generator.
[[0;32m  OK  [0m] Started LXD - container startup/shutdown.
[[0;32m  OK  [0m] Started /etc/rc.local Compatibility.
[[0;32m  OK  [0m] Started iSCSI initiator daemon (iscsid).
[[0;32m  OK  [0m] Started Snappy daemon.
[[0;32m  OK  [0m] Started LSB: MD monitoring daemon.
[[0;32m  OK  [0m] Started LSB: Record successful boot for GRUB.
         Starting Authenticate and Authorize Users to Run Privileged Tasks...
         Starting Login to default iSCSI targets...
[   30.074479] cloud-init[1072]:   en_US.UTF-8... done
[   30.087955] cloud-init[1072]: Generation complete.
         Starting OpenBSD Secure Shell server...
[[0;32m  OK  [0m] Started Login Service.
[[0;32m  OK  [0m] Started Authenticate and Authorize Users to Run Privileged Tasks.
[[0;32m  OK  [0m] Started OpenBSD Secure Shell server.
[[0;32m  OK  [0m] Started Accounts Service.
[[0;32m  OK  [0m] Started Login to default iSCSI targets.
[[0;32m  OK  [0m] Reached target Remote File Systems (Pre).
[[0;32m  OK  [0m] Reached target Remote File Systems.
         Starting LSB: Set the CPU Frequency Scaling governor to "ondemand"...
         Starting LSB: VirtualBox Linux Additions...
         Starting LSB: daemon to balance interrupts for SMP systems...
         Starting LSB: automatic crash report generation...
         Starting Permit User Sessions...
[[0;32m  OK  [0m] Started Permit User Sessions.
[[0;32m  OK  [0m] Started LSB: Set the CPU Frequency Scaling governor to "ondemand".
         Starting Hold until boot process finishes up...
         Starting Terminate Plymouth Boot Screen...
[[0;32m  OK  [0m] Started LSB: automatic crash report generation.
[[0;32m  OK  [0m] Started Hold until boot process finishes up.
[[0;32m  OK  [0m] Started Terminate Plymouth Boot Screen.
[[0;32m  OK  [0m] Started LSB: daemon to balance interrupts for SMP systems.
[[0;32m  OK  [0m] Started Getty on tty1.
[[0;32m  OK  [0m] Started Serial Getty on ttyS0.
[[0;32m  OK  [0m] Reached target Login Prompts.
         Starting Set console scheme...
[[0;32m  OK  [0m] Started LSB: VirtualBox Linux Additions.
[[0;32m  OK  [0m] Started Set console scheme.
[[0;32m  OK  [0m] Reached target Multi-User System.
[[0;32m  OK  [0m] Reached target Graphical Interface.
         Starting Update UTMP about System Runlevel Changes...
[[0;32m  OK  [0m] Created slice User Slice of vagrant.
         Starting User Manager for UID 1000...
[[0;32m  OK  [0m] Started Session 1 of user vagrant.
[[0;32m  OK  [0m] Started Update UTMP about System Runlevel Changes.
[[0;32m  OK  [0m] Started User Manager for UID 1000.
[   31.477962] cloud-init[1072]: Cloud-init v. 17.1 running 'modules:config' at Mon, 15 Jan 2018 02:46:04 +0000. Up 28.75 seconds.
[[0;32m  OK  [0m] Started Apply the settings specified in cloud-config.
         Starting Execute cloud user/final scripts...
ci-info: no authorized ssh keys fingerprints found for user ubuntu.
<14>Jan 15 02:46:07 ec2: 
<14>Jan 15 02:46:07 ec2: #############################################################
<14>Jan 15 02:46:07 ec2: -----BEGIN SSH HOST KEY FINGERPRINTS-----
<14>Jan 15 02:46:07 ec2: 1024 SHA256:vLOW/KaeaxBniuI4RB6cOq6cDRsY2M502KhEoXv8Dq0 root@ubuntu-xenial (DSA)
<14>Jan 15 02:46:07 ec2: 256 SHA256:h7tolMqoKLsvAqIu0RICYaeIxL7bJhDcXJH1XJ4R3VI root@ubuntu-xenial (ECDSA)
<14>Jan 15 02:46:07 ec2: 256 SHA256:O7VZmEPNKfFzThKWtJmBJikesNb+Of+lewJDLUWvfn0 root@ubuntu-xenial (ED25519)
<14>Jan 15 02:46:07 ec2: 2048 SHA256:LlBGK5rUIF5CRzs5aJi82fF+P5JAjiTL7/oJlYoY1sY root@ubuntu-xenial (RSA)
<14>Jan 15 02:46:07 ec2: -----END SSH HOST KEY FINGERPRINTS-----
<14>Jan 15 02:46:07 ec2: #############################################################
-----BEGIN SSH HOST KEY KEYS-----
ecdsa-sha2-nistp256 AAAAE2VjZHNhLXNoYTItbmlzdHAyNTYAAAAIbmlzdHAyNTYAAABBBEpiXn1x+Gv2W45bV30menffAWuB+a+jD/UV5ClwmCh4Ek/V0ItErrrbgK3Kg4wfifFO0Fd6fj5pjeSTXQV3BPo= root@ubuntu-xenial
ssh-ed25519 AAAAC3NzaC1lZDI1NTE5AAAAIETeQDPp8yk+GhjSKS3xI67MnMcDEpYFkKUHwrUaIbny root@ubuntu-xenial
ssh-rsa AAAAB3NzaC1yc2EAAAADAQABAAABAQC9pt50Me7kUjk4GH2gIDx50r29Ia6wth0ruJcwyp0wZLnk4oPOjabxNY8ReAk3MbhMU2+X+8ZF8tutWD5Qz7qDRCEf76ny5iiGeULTUJ8nXaEFYdl9XR7HmwVlRL1httaPpB0INDO1jjtt/n5DPL0UtHZdc+FLOtkayjK3j9LQ1OnmPQnRmTnUkyB/S7FWAeK682EfTcAaVx4yqr+8cW8lpgs2DjkUfBSM27cHX0YrlFYvKbvlwRlNlMoknDv1pMYpIgKgwj49WRdVq8f/tyKaAbtvlQgG1PS5eK3+1idSPV0nwtN/RAQ9sr8PnlleZZG01Ctf11/VZOxLDPfdNaP/ root@ubuntu-xenial
-----END SSH HOST KEY KEYS-----
[   32.122706] cloud-init[1317]: Cloud-init v. 17.1 running 'modules:final' at Mon, 15 Jan 2018 02:46:07 +0000. Up 31.79 seconds.
[   32.128057] cloud-init[1317]: ci-info: no authorized ssh keys fingerprints found for user ubuntu.
[   32.129697] cloud-init[1317]: Cloud-init v. 17.1 finished at Mon, 15 Jan 2018 02:46:07 +0000. Datasource DataSourceNoCloud [seed=/dev/sdb][dsmode=net].  Up 32.11 seconds
[[0;32m  OK  [0m] Started Execute cloud user/final scripts.
[[0;32m  OK  [0m] Reached target Cloud-init target.

Ubuntu 16.04.3 LTS ubuntu-xenial ttyS0

ubuntu-xenial login: 